Processing esp32 (board: esp32doit-devkit-v1; platform: https://github.com/pioarduino/platform-espressif32/releases/download/55.03.35/platform-espressif32.zip; framework: arduino)
--------------------------------------------------------------------------------
Verbose mode can be enabled via `-v, --verbose` option
CONFIGURATION: https://docs.platformio.org/page/boards/espressif32/esp32doit-devkit-v1.html
PLATFORM: Espressif 32 (55.3.35) > DOIT ESP32 DEVKIT V1
HARDWARE: ESP32 240MHz, 320KB RAM, 4MB Flash
DEBUG: Current (cmsis-dap) External (cmsis-dap, esp-bridge, esp-prog, iot-bus-jtag, jlink, minimodule, olimex-arm-usb-ocd, olimex-arm-usb-ocd-h, olimex-arm-usb-tiny-h, olimex-jtag-tiny, tumpa)
PACKAGES: 
 - contrib-piohome @ 3.4.4 
 - framework-arduinoespressif32 @ 3.3.5 
 - framework-arduinoespressif32-libs @ 5.5.0+sha.366dadf354 
 - tool-esp-rom-elfs @ 2024.10.11 
 - tool-esptoolpy @ 5.1.0 
 - tool-mklittlefs @ 3.2.0 
 - toolchain-xtensa-esp-elf @ 14.2.0+20251107
Converting H4P_BinarySwitchMfnb.ino
LDF: Library Dependency Finder -> https://bit.ly/configure-pio-ldf
LDF Modes: Finder ~ chain, Compatibility ~ soft
Found 50 compatible libraries
Scanning dependencies...
Dependency Graph
|-- H4 @ 4.0.9+sha.6f2f510
|-- H4Tools @ 0.0.16+sha.47ce091
|-- H4AsyncTCP @ 0.0.25+sha.231be9d
|-- H4AsyncMQTT @ 1.0.0-rc12+sha.9d2b784
|-- ArmadilloHTTP @ 0.1.9+sha.ac5bf86
|-- H4AsyncWebServer @ 0.0.13+sha.fcbce26
|-- H4Plugins @ 3.5.7+sha.0ad6c2a
Building in release mode
Compiling .pio/build/esp32/src/H4P_BinarySwitchMfnb.ino.cpp.o
Linking .pio/build/esp32/firmware.elf
                            Memory Type Usage Summary                             
┏━━━━━━━━━━━━━━━━━━━━━┳━━━━━━━━━━━━━━┳━━━━━━━━━━┳━━━━━━━━━━━━━━━━┳━━━━━━━━━━━━━━━┓
┃ Memory Type/Section ┃ Used [bytes] ┃ Used [%] ┃ Remain [bytes] ┃ Total [bytes] ┃
┡━━━━━━━━━━━━━━━━━━━━━╇━━━━━━━━━━━━━━╇━━━━━━━━━━╇━━━━━━━━━━━━━━━━╇━━━━━━━━━━━━━━━┩
│ Flash Code          │       778256 │          │                │               │
│    .text            │       778256 │          │                │               │
│ Flash Data          │       228996 │          │                │               │
│    .rodata          │       228740 │          │                │               │
│    .appdesc         │          256 │          │                │               │
│ IRAM                │        84931 │     64.8 │          46141 │        131072 │
│    .text            │        83903 │    64.01 │                │               │
│    .vectors         │         1028 │     0.78 │                │               │
│ DRAM                │        50424 │    40.48 │          74156 │        124580 │
│    .bss             │        27336 │    21.94 │                │               │
│    .data            │        23088 │    18.53 │                │               │
└─────────────────────┴──────────────┴──────────┴────────────────┴───────────────┘
Retrieving maximum program size .pio/build/esp32/firmware.elf
Checking size .pio/build/esp32/firmware.elf
Advanced Memory Usage is available via "PlatformIO Home > Project Inspect"
RAM:   [==        ]  15.4% (used 50424 bytes from 327680 bytes)
Flash: [=====     ]  53.2% (used 1115015 bytes from 2097152 bytes)
Building .pio/build/esp32/firmware.bin
esptool v5.1.0
Creating ESP32 image...
Merged 2 ELF sections.
Successfully created ESP32 image.
========================= [SUCCESS] Took 17.62 seconds =========================
Environment    Status    Duration
-------------  --------  ------------
esp32          SUCCESS   00:00:17.617
========================= 1 succeeded in 00:00:17.617 =========================
/home/runner/work/h4plugins/h4plugins/build/esp32/src/H4P_BinarySwitchMfnb.ino:36:20: warning: invalid suffix on literal; C++11 requires a space between literal and string macro [-Wliteral-suffix]
   36 |     Serial.println("\nH4P_BinarySwitch multifunction Button Example v"H4P_VERSION);
      |                    ^
In file included from /home/runner/work/h4plugins/h4plugins/build/esp32/src/H4P_BinarySwitchMfnb.ino:2:
.pio/libdeps/esp32/H4Plugins/src/H4Plugins.h:6:76: note: '#pragma message: Using Wifi AP - Make sure you have made arrangements!'
    6 |     #pragma message("Using Wifi AP - Make sure you have made arrangements!")
      |                                                                            ^
Total image size: 1115271 bytes (.bin may be padded larger)
Note: The reported total sizes may be smaller than those in the technical reference manual due to reserved memory and application configuration. The total flash size available for the application is not included by default, as it cannot be reliably determined due to the presence of other data like the bootloader, partition table, and application partition size.