Processing esp32 (board: esp32doit-devkit-v1; platform: https://github.com/pioarduino/platform-espressif32/releases/download/55.03.35/platform-espressif32.zip; framework: arduino)
--------------------------------------------------------------------------------
Verbose mode can be enabled via `-v, --verbose` option
CONFIGURATION: https://docs.platformio.org/page/boards/espressif32/esp32doit-devkit-v1.html
PLATFORM: Espressif 32 (55.3.35) > DOIT ESP32 DEVKIT V1
HARDWARE: ESP32 240MHz, 320KB RAM, 4MB Flash
DEBUG: Current (cmsis-dap) External (cmsis-dap, esp-bridge, esp-prog, iot-bus-jtag, jlink, minimodule, olimex-arm-usb-ocd, olimex-arm-usb-ocd-h, olimex-arm-usb-tiny-h, olimex-jtag-tiny, tumpa)
PACKAGES: 
 - contrib-piohome @ 3.4.4 
 - framework-arduinoespressif32 @ 3.3.5 
 - framework-arduinoespressif32-libs @ 5.5.0+sha.366dadf354 
 - tool-esp-rom-elfs @ 2024.10.11 
 - tool-esptoolpy @ 5.1.0 
 - tool-mklittlefs @ 3.2.0 
 - toolchain-xtensa-esp-elf @ 14.2.0+20251107
Converting H4P_Sirens.ino
LDF: Library Dependency Finder -> https://bit.ly/configure-pio-ldf
LDF Modes: Finder ~ chain, Compatibility ~ soft
Found 50 compatible libraries
Scanning dependencies...
Dependency Graph
|-- H4 @ 4.0.9+sha.6f2f510
|-- H4Tools @ 0.0.16+sha.47ce091
|-- H4AsyncTCP @ 0.0.25+sha.231be9d
|-- H4AsyncMQTT @ 1.0.0-rc12+sha.9d2b784
|-- ArmadilloHTTP @ 0.1.9+sha.ac5bf86
|-- H4AsyncWebServer @ 0.0.13+sha.fcbce26
|-- H4Plugins @ 3.5.7+sha.0ad6c2a
Building in release mode
Compiling .pio/build/esp32/src/H4P_Sirens.ino.cpp.o
Compiling .pio/build/esp32/FrameworkArduino/esp32-hal-misc.c.o
Compiling .pio/build/esp32/FrameworkArduino/esp32-hal-periman.c.o
Compiling .pio/build/esp32/FrameworkArduino/esp32-hal-psram.c.o
Compiling .pio/build/esp32/FrameworkArduino/esp32-hal-rgb-led.c.o
Compiling .pio/build/esp32/FrameworkArduino/esp32-hal-rmt.c.o
Compiling .pio/build/esp32/FrameworkArduino/esp32-hal-sigmadelta.c.o
Compiling .pio/build/esp32/FrameworkArduino/esp32-hal-spi.c.o
Compiling .pio/build/esp32/FrameworkArduino/esp32-hal-time.c.o
Compiling .pio/build/esp32/FrameworkArduino/esp32-hal-timer.c.o
Compiling .pio/build/esp32/FrameworkArduino/esp32-hal-tinyusb.c.o
Compiling .pio/build/esp32/FrameworkArduino/esp32-hal-touch-ng.c.o
Compiling .pio/build/esp32/FrameworkArduino/esp32-hal-touch.c.o
Compiling .pio/build/esp32/FrameworkArduino/esp32-hal-uart.c.o
Compiling .pio/build/esp32/FrameworkArduino/firmware_msc_fat.c.o
Compiling .pio/build/esp32/FrameworkArduino/freertos_stats.cpp.o
Compiling .pio/build/esp32/FrameworkArduino/libb64/cdecode.c.o
Compiling .pio/build/esp32/FrameworkArduino/libb64/cencode.c.o
Compiling .pio/build/esp32/FrameworkArduino/main.cpp.o
Compiling .pio/build/esp32/FrameworkArduino/stdlib_noniso.c.o
Compiling .pio/build/esp32/FrameworkArduino/wiring_pulse.c.o
Compiling .pio/build/esp32/FrameworkArduino/wiring_shift.c.o
Archiving .pio/build/esp32/libFrameworkArduino.a
Indexing .pio/build/esp32/libFrameworkArduino.a
Linking .pio/build/esp32/firmware.elf
In file included from /home/runner/work/h4plugins/h4plugins/build/esp32/src/H4P_Sirens.ino:1:
.pio/libdeps/esp32/H4Plugins/src/H4Plugins.h:6:76: note: '#pragma message: Using Wifi AP - Make sure you have made arrangements!'
    6 |     #pragma message("Using Wifi AP - Make sure you have made arrangements!")
      |                                                                            ^
/home/runner/.platformio/packages/toolchain-xtensa-esp-elf/bin/../lib/gcc/xtensa-esp-elf/14.2.0/../../../../xtensa-esp-elf/bin/ld: .pio/build/esp32/lib6b8/H4Plugins/H4P_ToneController.cpp.o:(.literal._ZN18H4P_ToneController7_repeatERKNSt7__cxx1112basic_stringIcSt11char_traitsIcESaIcEEEhmm+0x10): undefined reference to `_ZN9H4P_VoiceC1Ehh'
/home/runner/.platformio/packages/toolchain-xtensa-esp-elf/bin/../lib/gcc/xtensa-esp-elf/14.2.0/../../../../xtensa-esp-elf/bin/ld: .pio/build/esp32/lib6b8/H4Plugins/H4P_ToneController.cpp.o: in function `_ZN18H4P_ToneController7_repeatERKNSt7__cxx1112basic_stringIcSt11char_traitsIcESaIcEEEhmm':
/home/runner/work/h4plugins/h4plugins/build/esp32/.pio/libdeps/esp32/H4Plugins/src/H4P_ToneController.cpp:141:(.text._ZN18H4P_ToneController7_repeatERKNSt7__cxx1112basic_stringIcSt11char_traitsIcESaIcEEEhmm+0x34): undefined reference to `_ZN9H4P_VoiceC1Ehh'
collect2: error: ld returned 1 exit status
*** [.pio/build/esp32/firmware.elf] Error 1
========================= [FAILED] Took 16.79 seconds =========================
Environment    Status    Duration
-------------  --------  ------------
esp32          FAILED    00:00:16.791
==================== 1 failed, 0 succeeded in 00:00:16.791 ====================