Processing esp32s3 (board: esp32-s3-devkitc-1; platform: https://github.com/pioarduino/platform-espressif32/releases/download/55.03.35/platform-espressif32.zip; framework: arduino)
--------------------------------------------------------------------------------
Tool Manager: Installing https://github.com/pioarduino/registry/releases/download/0.0.1/esptoolpy-v5.1.0.zip
Unpacking 0% 10% 20%
Tool Manager: tool-esptoolpy@5.1.0 has been installed!
Tool Manager: Installing file:///home/runner/.platformio/tools/tool-esptoolpy
Tool Manager: tool-esptoolpy@5.1.0 has been installed!
Verbose mode can be enabled via `-v, --verbose` option
CONFIGURATION: https://docs.platformio.org/page/boards/espressif32/esp32-s3-devkitc-1.html
PLATFORM: Espressif 32 (55.3.35) > Espressif ESP32-S3-DevKitC-1-N8 (8 MB QD, No PSRAM)
HARDWARE: ESP32S3 240MHz, 320KB RAM, 8MB Flash
DEBUG: Current (esp-builtin) On-board (esp-builtin) External (cmsis-dap, esp-bridge, esp-prog, iot-bus-jtag, jlink, minimodule, olimex-arm-usb-ocd, olimex-arm-usb-ocd-h, olimex-arm-usb-tiny-h, olimex-jtag-tiny, tumpa)
PACKAGES: 
 - contrib-piohome @ 3.4.4 
 - framework-arduinoespressif32 @ 3.3.5 
 - framework-arduinoespressif32-libs @ 5.5.0+sha.366dadf354 
 - tool-esp-rom-elfs @ 2024.10.11 
 - tool-esptoolpy @ 5.1.0 
 - tool-mklittlefs @ 3.2.0 
 - toolchain-xtensa-esp-elf @ 14.2.0+20251107
Converting H4P_BLEClientInteracting.ino
LDF: Library Dependency Finder -> https://bit.ly/configure-pio-ldf
LDF Modes: Finder ~ chain, Compatibility ~ soft
Found 50 compatible libraries
Scanning dependencies...
Dependency Graph
|-- H4 @ 4.0.10+sha.9125640
|-- H4Tools @ 0.0.16+sha.47ce091
|-- H4AsyncTCP @ 0.0.25+sha.231be9d
|-- H4AsyncMQTT @ 1.0.0-rc12+sha.9d2b784
|-- ArmadilloHTTP @ 0.1.9+sha.ac5bf86
|-- H4AsyncWebServer @ 0.0.13+sha.fcbce26
|-- H4Plugins @ 3.5.8+sha.b12de62
Building in release mode
Compiling .pio/build/esp32s3/libb92/H4/H4.cpp.o
Compiling .pio/build/esp32s3/lib7aa/FS/FS.cpp.o
Compiling .pio/build/esp32s3/lib7aa/FS/vfs_api.cpp.o
Compiling .pio/build/esp32s3/lib620/LittleFS/LittleFS.cpp.o
Compiling .pio/build/esp32s3/lib487/Network/NetworkClient.cpp.o
Compiling .pio/build/esp32s3/lib487/Network/NetworkEvents.cpp.o
Compiling .pio/build/esp32s3/lib487/Network/NetworkInterface.cpp.o
Compiling .pio/build/esp32s3/lib487/Network/NetworkManager.cpp.o
Compiling .pio/build/esp32s3/lib487/Network/NetworkServer.cpp.o
Compiling .pio/build/esp32s3/lib487/Network/NetworkUdp.cpp.o
Compiling .pio/build/esp32s3/lib989/WiFi/AP.cpp.o
Compiling .pio/build/esp32s3/lib989/WiFi/STA.cpp.o
Compiling .pio/build/esp32s3/lib989/WiFi/WiFi.cpp.o
Compiling .pio/build/esp32s3/lib989/WiFi/WiFiAP.cpp.o
Compiling .pio/build/esp32s3/lib989/WiFi/WiFiGeneric.cpp.o
Compiling .pio/build/esp32s3/lib989/WiFi/WiFiMulti.cpp.o
Compiling .pio/build/esp32s3/lib989/WiFi/WiFiSTA.cpp.o
Compiling .pio/build/esp32s3/lib989/WiFi/WiFiScan.cpp.o
Compiling .pio/build/esp32s3/lib769/H4Tools/H4Tools.cpp.o
Compiling .pio/build/esp32s3/lib769/H4Tools/mbx.cpp.o
Compiling .pio/build/esp32s3/lib3de/H4AsyncTCP/H4AsyncServer.cpp.o
Compiling .pio/build/esp32s3/lib3de/H4AsyncTCP/H4AsyncTCP.cpp.o
Compiling .pio/build/esp32s3/lib3de/H4AsyncTCP/LwIPCoreLocker.cpp.o
Compiling .pio/build/esp32s3/lib3de/H4AsyncTCP/h4async_config.cpp.o
Compiling .pio/build/esp32s3/libeee/H4AsyncMQTT/H4AsyncMQTT.cpp.o
Compiling .pio/build/esp32s3/libeee/H4AsyncMQTT/Packet.cpp.o
Compiling .pio/build/esp32s3/libeee/H4AsyncMQTT/Properties.cpp.o
Compiling .pio/build/esp32s3/libeee/H4AsyncMQTT/mqTraits.cpp.o
Compiling .pio/build/esp32s3/lib8b8/ArmadilloHTTP/ArmadilloHTTP.cpp.o
Compiling .pio/build/esp32s3/lib117/H4AsyncWebServer/H4AT_HTTPHandlerWS.cpp.o
Compiling .pio/build/esp32s3/lib117/H4AsyncWebServer/H4AW_HTTPHandlerSSE.cpp.o
Compiling .pio/build/esp32s3/lib117/H4AsyncWebServer/H4AsyncAuthenticators.cpp.o
Compiling .pio/build/esp32s3/lib117/H4AsyncWebServer/H4AsyncHandlers.cpp.o
Compiling .pio/build/esp32s3/lib117/H4AsyncWebServer/H4AsyncWebServer.cpp.o
Compiling .pio/build/esp32s3/libf74/BLE/BLE2901.cpp.o
Compiling .pio/build/esp32s3/libf74/BLE/BLE2902.cpp.o
Compiling .pio/build/esp32s3/libf74/BLE/BLE2904.cpp.o
Compiling .pio/build/esp32s3/libf74/BLE/BLEAddress.cpp.o
Compiling .pio/build/esp32s3/libf74/BLE/BLEAdvertisedDevice.cpp.o
Compiling .pio/build/esp32s3/libf74/BLE/BLEAdvertising.cpp.o
Compiling .pio/build/esp32s3/libf74/BLE/BLEBeacon.cpp.o
Compiling .pio/build/esp32s3/libf74/BLE/BLECharacteristic.cpp.o
Compiling .pio/build/esp32s3/libf74/BLE/BLECharacteristicMap.cpp.o
Compiling .pio/build/esp32s3/libf74/BLE/BLEClient.cpp.o
Compiling .pio/build/esp32s3/libf74/BLE/BLEDescriptor.cpp.o
Compiling .pio/build/esp32s3/libf74/BLE/BLEDescriptorMap.cpp.o
Compiling .pio/build/esp32s3/libf74/BLE/BLEDevice.cpp.o
Compiling .pio/build/esp32s3/libf74/BLE/BLEEddystoneTLM.cpp.o
Compiling .pio/build/esp32s3/libf74/BLE/BLEEddystoneURL.cpp.o
Compiling .pio/build/esp32s3/libf74/BLE/BLEExceptions.cpp.o
Compiling .pio/build/esp32s3/libf74/BLE/BLEHIDDevice.cpp.o
Compiling .pio/build/esp32s3/libf74/BLE/BLERemoteCharacteristic.cpp.o
Compiling .pio/build/esp32s3/libf74/BLE/BLERemoteDescriptor.cpp.o
Compiling .pio/build/esp32s3/libf74/BLE/BLERemoteService.cpp.o
Compiling .pio/build/esp32s3/libf74/BLE/BLEScan.cpp.o
Compiling .pio/build/esp32s3/libf74/BLE/BLESecurity.cpp.o
Compiling .pio/build/esp32s3/libf74/BLE/BLEServer.cpp.o
Compiling .pio/build/esp32s3/libf74/BLE/BLEService.cpp.o
Compiling .pio/build/esp32s3/libf74/BLE/BLEServiceMap.cpp.o
Compiling .pio/build/esp32s3/libf74/BLE/BLEUUID.cpp.o
Compiling .pio/build/esp32s3/libf74/BLE/BLEUtils.cpp.o
Compiling .pio/build/esp32s3/libf74/BLE/BLEValue.cpp.o
Compiling .pio/build/esp32s3/libf74/BLE/FreeRTOS.cpp.o
Compiling .pio/build/esp32s3/libf74/BLE/GeneralUtils.cpp.o
Compiling .pio/build/esp32s3/libf0e/NetworkClientSecure/NetworkClientSecure.cpp.o
Compiling .pio/build/esp32s3/libf0e/NetworkClientSecure/ssl_client.cpp.o
Compiling .pio/build/esp32s3/lib67b/HTTPClient/HTTPClient.cpp.o
Compiling .pio/build/esp32s3/lib92c/Hash/PBKDF2_HMACBuilder.cpp.o
Compiling .pio/build/esp32s3/lib92c/Hash/SHA1Builder.cpp.o
Compiling .pio/build/esp32s3/lib92c/Hash/SHA2Builder.cpp.o
Compiling .pio/build/esp32s3/lib92c/Hash/SHA3Builder.cpp.o
Compiling .pio/build/esp32s3/lib4b6/Update/HttpsOTAUpdate.cpp.o
Compiling .pio/build/esp32s3/lib4b6/Update/Updater.cpp.o
Compiling .pio/build/esp32s3/lib4b6/Update/Updater_Signing.cpp.o
Compiling .pio/build/esp32s3/lib1d4/HTTPUpdate/HTTPUpdate.cpp.o
Compiling .pio/build/esp32s3/lib4b6/ESPmDNS/ESPmDNS.cpp.o
Compiling .pio/build/esp32s3/lib134/ArduinoOTA/ArduinoOTA.cpp.o
Compiling .pio/build/esp32s3/lib59e/AsyncUDP/AsyncUDP.cpp.o
Compiling .pio/build/esp32s3/lib147/DNSServer/DNSServer.cpp.o
Compiling .pio/build/esp32s3/libfae/H4Plugins/H4PStatic.cpp.o
Compiling .pio/build/esp32s3/libfae/H4Plugins/H4P_AsyncHTTP.cpp.o
Compiling .pio/build/esp32s3/libfae/H4Plugins/H4P_AsyncMQTT.cpp.o
Compiling .pio/build/esp32s3/libfae/H4Plugins/H4P_BLEClient.cpp.o
Compiling .pio/build/esp32s3/libfae/H4Plugins/H4P_BLEServer.cpp.o
Compiling .pio/build/esp32s3/libfae/H4Plugins/H4P_BinarySwitch.cpp.o
Compiling .pio/build/esp32s3/libfae/H4Plugins/H4P_BinaryThing.cpp.o
Compiling .pio/build/esp32s3/libfae/H4Plugins/H4P_GateKeeper.cpp.o
Compiling .pio/build/esp32s3/libfae/H4Plugins/H4P_HeapWarn.cpp.o
Compiling .pio/build/esp32s3/libfae/H4Plugins/H4P_Heartbeat.cpp.o
Compiling .pio/build/esp32s3/libfae/H4Plugins/H4P_LinkMaster.cpp.o
Compiling .pio/build/esp32s3/libfae/H4Plugins/H4P_LocalLogger.cpp.o
Compiling .pio/build/esp32s3/libfae/H4Plugins/H4P_PinMachine.cpp.o
Compiling .pio/build/esp32s3/libfae/H4Plugins/H4P_QueueWarn.cpp.o
Compiling .pio/build/esp32s3/libfae/H4Plugins/H4P_RemoteLogger.cpp.o
Compiling .pio/build/esp32s3/libfae/H4Plugins/H4P_SerialCmd.cpp.o
Compiling .pio/build/esp32s3/libfae/H4Plugins/H4P_Signaller.cpp.o
Compiling .pio/build/esp32s3/libfae/H4Plugins/H4P_TaskSniffer.cpp.o
Compiling .pio/build/esp32s3/libfae/H4Plugins/H4P_Timekeeper.cpp.o
Compiling .pio/build/esp32s3/libfae/H4Plugins/H4P_ToneController.cpp.o
Compiling .pio/build/esp32s3/libfae/H4Plugins/H4P_UPNPServer.cpp.o
Compiling .pio/build/esp32s3/libfae/H4Plugins/H4P_WiFi.cpp.o
Compiling .pio/build/esp32s3/libfae/H4Plugins/H4P_WiFiAP.cpp.o
Compiling .pio/build/esp32s3/libfae/H4Plugins/H4Service.cpp.o
Compiling .pio/build/esp32s3/libfae/H4Plugins/NODE-PINK-FLOWS.cpp.o
Compiling .pio/build/esp32s3/libfae/H4Plugins/NODE-PINK-NODES.cpp.o
Compiling .pio/build/esp32s3/src/H4P_BLEClientInteracting.ino.cpp.o
Building .pio/build/esp32s3/bootloader.bin
esptool v5.1.0
Creating ESP32S3 image...
Merged 2 ELF sections.
Successfully created ESP32S3 image.
Generating partitions .pio/build/esp32s3/partitions.bin
Compiling .pio/build/esp32s3/FrameworkArduino/ColorFormat.c.o
Compiling .pio/build/esp32s3/FrameworkArduino/Esp.cpp.o
Compiling .pio/build/esp32s3/FrameworkArduino/FirmwareMSC.cpp.o
Compiling .pio/build/esp32s3/FrameworkArduino/FunctionalInterrupt.cpp.o
Compiling .pio/build/esp32s3/FrameworkArduino/HEXBuilder.cpp.o
Compiling .pio/build/esp32s3/FrameworkArduino/HWCDC.cpp.o
Compiling .pio/build/esp32s3/FrameworkArduino/HardwareSerial.cpp.o
Compiling .pio/build/esp32s3/FrameworkArduino/HashBuilder.cpp.o
Compiling .pio/build/esp32s3/FrameworkArduino/IPAddress.cpp.o
Compiling .pio/build/esp32s3/FrameworkArduino/MD5Builder.cpp.o
Compiling .pio/build/esp32s3/FrameworkArduino/MacAddress.cpp.o
In file included from /home/runner/work/h4plugins/h4plugins/build/esp32s3/src/H4P_BLEClientInteracting.ino:2:
.pio/libdeps/esp32s3/H4Plugins/src/H4Plugins.h:6:76: note: '#pragma message: Using Wifi AP - Make sure you have made arrangements!'
    6 |     #pragma message("Using Wifi AP - Make sure you have made arrangements!")
      |                                                                            ^
/home/runner/work/h4plugins/h4plugins/build/esp32s3/src/H4P_BLEClientInteracting.ino:6:1: error: 'H4P_BLEClient' does not name a type
    6 | H4P_BLEClient h4bleclient;
      | ^~~~~~~~~~~~~
/home/runner/work/h4plugins/h4plugins/build/esp32s3/src/H4P_BLEClientInteracting.ino:17:1: error: 'BLERemoteCharacteristic' does not name a type
   17 | BLERemoteCharacteristic* cmdCharacteristic = nullptr;
      | ^~~~~~~~~~~~~~~~~~~~~~~
/home/runner/work/h4plugins/h4plugins/build/esp32s3/src/H4P_BLEClientInteracting.ino:18:1: error: 'BLERemoteCharacteristic' does not name a type
   18 | BLERemoteCharacteristic* replyCharacteristic = nullptr;
      | ^~~~~~~~~~~~~~~~~~~~~~~
/home/runner/work/h4plugins/h4plugins/build/esp32s3/src/H4P_BLEClientInteracting.ino:20:6: error: variable or field 'onNotify' declared void
   20 | void onNotify(BLERemoteCharacteristic *pBLERemoteCharacteristic, uint8_t *pData, size_t length, bool isNotify) {
      |      ^~~~~~~~
/home/runner/work/h4plugins/h4plugins/build/esp32s3/src/H4P_BLEClientInteracting.ino:20:15: error: 'BLERemoteCharacteristic' was not declared in this scope
   20 | void onNotify(BLERemoteCharacteristic *pBLERemoteCharacteristic, uint8_t *pData, size_t length, bool isNotify) {
      |               ^~~~~~~~~~~~~~~~~~~~~~~
/home/runner/work/h4plugins/h4plugins/build/esp32s3/src/H4P_BLEClientInteracting.ino:20:40: error: 'pBLERemoteCharacteristic' was not declared in this scope
   20 | void onNotify(BLERemoteCharacteristic *pBLERemoteCharacteristic, uint8_t *pData, size_t length, bool isNotify) {
      |                                        ^~~~~~~~~~~~~~~~~~~~~~~~
/home/runner/work/h4plugins/h4plugins/build/esp32s3/src/H4P_BLEClientInteracting.ino:20:74: error: expected primary-expression before '*' token
   20 | void onNotify(BLERemoteCharacteristic *pBLERemoteCharacteristic, uint8_t *pData, size_t length, bool isNotify) {
      |                                                                          ^
/home/runner/work/h4plugins/h4plugins/build/esp32s3/src/H4P_BLEClientInteracting.ino:20:75: error: 'pData' was not declared in this scope
   20 | void onNotify(BLERemoteCharacteristic *pBLERemoteCharacteristic, uint8_t *pData, size_t length, bool isNotify) {
      |                                                                           ^~~~~
/home/runner/work/h4plugins/h4plugins/build/esp32s3/src/H4P_BLEClientInteracting.ino:20:89: error: expected primary-expression before 'length'
   20 | void onNotify(BLERemoteCharacteristic *pBLERemoteCharacteristic, uint8_t *pData, size_t length, bool isNotify) {
      |                                                                                         ^~~~~~
/home/runner/work/h4plugins/h4plugins/build/esp32s3/src/H4P_BLEClientInteracting.ino:20:97: error: expected primary-expression before 'bool'
   20 | void onNotify(BLERemoteCharacteristic *pBLERemoteCharacteristic, uint8_t *pData, size_t length, bool isNotify) {
      |                                                                                                 ^~~~
/home/runner/work/h4plugins/h4plugins/build/esp32s3/src/H4P_BLEClientInteracting.ino:20:6: error: variable or field 'onNotify' declared void
   20 | void onNotify(BLERemoteCharacteristic *pBLERemoteCharacteristic, uint8_t *pData, size_t length, bool isNotify) {
      |      ^~~~~~~~
/home/runner/work/h4plugins/h4plugins/build/esp32s3/src/H4P_BLEClientInteracting.ino:20:15: error: 'BLERemoteCharacteristic' was not declared in this scope
   20 | void onNotify(BLERemoteCharacteristic *pBLERemoteCharacteristic, uint8_t *pData, size_t length, bool isNotify) {
      |               ^~~~~~~~~~~~~~~~~~~~~~~
/home/runner/work/h4plugins/h4plugins/build/esp32s3/src/H4P_BLEClientInteracting.ino:20:40: error: 'pBLERemoteCharacteristic' was not declared in this scope
   20 | void onNotify(BLERemoteCharacteristic *pBLERemoteCharacteristic, uint8_t *pData, size_t length, bool isNotify) {
      |                                        ^~~~~~~~~~~~~~~~~~~~~~~~
/home/runner/work/h4plugins/h4plugins/build/esp32s3/src/H4P_BLEClientInteracting.ino:20:74: error: expected primary-expression before '*' token
   20 | void onNotify(BLERemoteCharacteristic *pBLERemoteCharacteristic, uint8_t *pData, size_t length, bool isNotify) {
      |                                                                          ^
/home/runner/work/h4plugins/h4plugins/build/esp32s3/src/H4P_BLEClientInteracting.ino:20:75: error: 'pData' was not declared in this scope
   20 | void onNotify(BLERemoteCharacteristic *pBLERemoteCharacteristic, uint8_t *pData, size_t length, bool isNotify) {
      |                                                                           ^~~~~
/home/runner/work/h4plugins/h4plugins/build/esp32s3/src/H4P_BLEClientInteracting.ino:20:89: error: expected primary-expression before 'length'
   20 | void onNotify(BLERemoteCharacteristic *pBLERemoteCharacteristic, uint8_t *pData, size_t length, bool isNotify) {
      |                                                                                         ^~~~~~
/home/runner/work/h4plugins/h4plugins/build/esp32s3/src/H4P_BLEClientInteracting.ino:20:97: error: expected primary-expression before 'bool'
   20 | void onNotify(BLERemoteCharacteristic *pBLERemoteCharacteristic, uint8_t *pData, size_t length, bool isNotify) {
      |                                                                                                 ^~~~
/home/runner/work/h4plugins/h4plugins/build/esp32s3/src/H4P_BLEClientInteracting.ino: In function 'void onConnect()':
/home/runner/work/h4plugins/h4plugins/build/esp32s3/src/H4P_BLEClientInteracting.ino:26:9: error: 'cmdCharacteristic' was not declared in this scope
   26 |         cmdCharacteristic = h4bleclient.getRemoteCharacteristic(BLEUUID("9652c3ca-1231-4607-9d40-6afd67609443"), BLEUUID("3c1eb836-4223-4f3e-9c9d-10c5dae1d9b1"));
      |         ^~~~~~~~~~~~~~~~~
/home/runner/work/h4plugins/h4plugins/build/esp32s3/src/H4P_BLEClientInteracting.ino:26:29: error: 'h4bleclient' was not declared in this scope
   26 |         cmdCharacteristic = h4bleclient.getRemoteCharacteristic(BLEUUID("9652c3ca-1231-4607-9d40-6afd67609443"), BLEUUID("3c1eb836-4223-4f3e-9c9d-10c5dae1d9b1"));
      |                             ^~~~~~~~~~~
/home/runner/work/h4plugins/h4plugins/build/esp32s3/src/H4P_BLEClientInteracting.ino:26:65: error: 'BLEUUID' was not declared in this scope
   26 |         cmdCharacteristic = h4bleclient.getRemoteCharacteristic(BLEUUID("9652c3ca-1231-4607-9d40-6afd67609443"), BLEUUID("3c1eb836-4223-4f3e-9c9d-10c5dae1d9b1"));
      |                                                                 ^~~~~~~
/home/runner/work/h4plugins/h4plugins/build/esp32s3/src/H4P_BLEClientInteracting.ino:27:9: error: 'replyCharacteristic' was not declared in this scope
   27 |         replyCharacteristic = h4bleclient.getRemoteCharacteristic(BLEUUID("9652c3ca-1231-4607-9d40-6afd67609443"), BLEUUID("5f1c2e8d-f531-488e-8198-0132ec230a6f"));
      |         ^~~~~~~~~~~~~~~~~~~
/home/runner/work/h4plugins/h4plugins/build/esp32s3/src/H4P_BLEClientInteracting.ino: In lambda function:
/home/runner/work/h4plugins/h4plugins/build/esp32s3/src/H4P_BLEClientInteracting.ino:37:20: error: 'cmdCharacteristic' is not captured
   37 |                 if(cmdCharacteristic->canWrite()){
      |                    ^~~~~~~~~~~~~~~~~
/home/runner/work/h4plugins/h4plugins/build/esp32s3/src/H4P_BLEClientInteracting.ino:35:37: note: the lambda has no capture-default
   35 |         requestor = h4.every(5000, []{
      |                                     ^
/home/runner/work/h4plugins/h4plugins/build/esp32s3/src/H4P_BLEClientInteracting.ino:26:9: note: '<typeprefixerror>cmdCharacteristic' declared here
   26 |         cmdCharacteristic = h4bleclient.getRemoteCharacteristic(BLEUUID("9652c3ca-1231-4607-9d40-6afd67609443"), BLEUUID("3c1eb836-4223-4f3e-9c9d-10c5dae1d9b1"));
      |         ^~~~~~~~~~~~~~~~~
/home/runner/work/h4plugins/h4plugins/build/esp32s3/src/H4P_BLEClientInteracting.ino:39:25: error: 'cmdCharacteristic' is not captured
   39 |                         cmdCharacteristic->writeValue("h4/toggle");
      |                         ^~~~~~~~~~~~~~~~~
/home/runner/work/h4plugins/h4plugins/build/esp32s3/src/H4P_BLEClientInteracting.ino:35:37: note: the lambda has no capture-default
   35 |         requestor = h4.every(5000, []{
      |                                     ^
/home/runner/work/h4plugins/h4plugins/build/esp32s3/src/H4P_BLEClientInteracting.ino:26:9: note: '<typeprefixerror>cmdCharacteristic' declared here
   26 |         cmdCharacteristic = h4bleclient.getRemoteCharacteristic(BLEUUID("9652c3ca-1231-4607-9d40-6afd67609443"), BLEUUID("3c1eb836-4223-4f3e-9c9d-10c5dae1d9b1"));
      |         ^~~~~~~~~~~~~~~~~
/home/runner/work/h4plugins/h4plugins/build/esp32s3/src/H4P_BLEClientInteracting.ino:40:25: error: 'cmdCharacteristic' is not captured
   40 |                         cmdCharacteristic->writeValue("help");
      |                         ^~~~~~~~~~~~~~~~~
/home/runner/work/h4plugins/h4plugins/build/esp32s3/src/H4P_BLEClientInteracting.ino:35:37: note: the lambda has no capture-default
   35 |         requestor = h4.every(5000, []{
      |                                     ^
/home/runner/work/h4plugins/h4plugins/build/esp32s3/src/H4P_BLEClientInteracting.ino:26:9: note: '<typeprefixerror>cmdCharacteristic' declared here
   26 |         cmdCharacteristic = h4bleclient.getRemoteCharacteristic(BLEUUID("9652c3ca-1231-4607-9d40-6afd67609443"), BLEUUID("3c1eb836-4223-4f3e-9c9d-10c5dae1d9b1"));
      |         ^~~~~~~~~~~~~~~~~
/home/runner/work/h4plugins/h4plugins/build/esp32s3/src/H4P_BLEClientInteracting.ino:42:62: error: 'cmdCharacteristic' is not captured
   42 |                         Serial.printf("Can not write! %d
", cmdCharacteristic->canWrite());
      |                                                              ^~~~~~~~~~~~~~~~~
/home/runner/work/h4plugins/h4plugins/build/esp32s3/src/H4P_BLEClientInteracting.ino:35:37: note: the lambda has no capture-default
   35 |         requestor = h4.every(5000, []{
      |                                     ^
/home/runner/work/h4plugins/h4plugins/build/esp32s3/src/H4P_BLEClientInteracting.ino:26:9: note: '<typeprefixerror>cmdCharacteristic' declared here
   26 |         cmdCharacteristic = h4bleclient.getRemoteCharacteristic(BLEUUID("9652c3ca-1231-4607-9d40-6afd67609443"), BLEUUID("3c1eb836-4223-4f3e-9c9d-10c5dae1d9b1"));
      |         ^~~~~~~~~~~~~~~~~
/home/runner/work/h4plugins/h4plugins/build/esp32s3/src/H4P_BLEClientInteracting.ino: In function 'void h4setup()':
/home/runner/work/h4plugins/h4plugins/build/esp32s3/src/H4P_BLEClientInteracting.ino:57:9: error: 'h4bleclient' was not declared in this scope
   57 |         h4bleclient.add({BLEUUID("9652c3ca-1231-4607-9d40-6afd67609443"), true},          // H4_SERVICE_UUID    , mandatory=true
      |         ^~~~~~~~~~~
/home/runner/work/h4plugins/h4plugins/build/esp32s3/src/H4P_BLEClientInteracting.ino:57:26: error: 'BLEUUID' was not declared in this scope
   57 |         h4bleclient.add({BLEUUID("9652c3ca-1231-4607-9d40-6afd67609443"), true},          // H4_SERVICE_UUID    , mandatory=true
      |                          ^~~~~~~
/home/runner/work/h4plugins/h4plugins/build/esp32s3/src/H4P_BLEClientInteracting.ino:64:42: error: 'onNotify' was not declared in this scope
   64 |                                          onNotify);
      |                                          ^~~~~~~~
/home/runner/work/h4plugins/h4plugins/build/esp32s3/src/H4P_BLEClientInteracting.ino: In lambda function:
/home/runner/work/h4plugins/h4plugins/build/esp32s3/src/H4P_BLEClientInteracting.ino:66:29: error: 'h4bleclient' is not captured
   66 |         h4.queueFunction([]{h4bleclient.start();});
      |                             ^~~~~~~~~~~
/home/runner/work/h4plugins/h4plugins/build/esp32s3/src/H4P_BLEClientInteracting.ino:66:27: note: the lambda has no capture-default
   66 |         h4.queueFunction([]{h4bleclient.start();});
      |                           ^
/home/runner/work/h4plugins/h4plugins/build/esp32s3/src/H4P_BLEClientInteracting.ino:57:9: note: '<typeprefixerror>h4bleclient' declared here
   57 |         h4bleclient.add({BLEUUID("9652c3ca-1231-4607-9d40-6afd67609443"), true},          // H4_SERVICE_UUID    , mandatory=true
      |         ^~~~~~~~~~~
*** [.pio/build/esp32s3/src/H4P_BLEClientInteracting.ino.cpp.o] Error 1
========================= [FAILED] Took 69.15 seconds =========================
Environment    Status    Duration
-------------  --------  ------------
esp32s3        FAILED    00:01:09.150
==================== 1 failed, 0 succeeded in 00:01:09.150 ====================