Processing pico (platform: https://github.com/maxgerhardt/platform-raspberrypi.git#5b72058658ebaf98045755662bc8b28479bd288b; framework: arduino; board: rpipicow)
--------------------------------------------------------------------------------
Verbose mode can be enabled via `-v, --verbose` option
CONFIGURATION: https://docs.platformio.org/page/boards/raspberrypi/rpipicow.html
PLATFORM: Raspberry Pi RP2040 (1.14.0+sha.5b72058) > Pico W
HARDWARE: RP2040 133MHz, 256KB RAM, 2MB Flash
DEBUG: Current (blackmagic) External (blackmagic, cmsis-dap, jlink, picoprobe, raspberrypi-swd)
PACKAGES: 
 - framework-arduinopico @ 1.40101.0+sha.9d17f42 
 - tool-picotool-rp2040-earlephilhower @ 5.140200.240929 (14.2.0) 
 - toolchain-rp2040-earlephilhower @ 5.140200.240929 (14.2.0)
Converting H4P_PresenceDetectIP.ino
Flash size: 2.00MB
Sketch size: 1.50MB
Filesystem size: 0.50MB
PSRAM size: 0.00MB
Maximium Sketch size: 1568768 EEPROM start: 0x101ff000 Filesystem start: 0x1017f000 Filesystem end: 0x101ff000
LDF: Library Dependency Finder -> https://bit.ly/configure-pio-ldf
LDF Modes: Finder ~ deep+, Compatibility ~ soft
Found 72 compatible libraries
Scanning dependencies...
Dependency Graph
|-- H4 @ 4.0.10+sha.9125640
|-- H4Tools @ 0.0.16+sha.47ce091
|-- H4AsyncTCP @ 0.0.25+sha.231be9d
|-- H4AsyncMQTT @ 1.0.0-rc12+sha.9d2b784
|-- ArmadilloHTTP @ 0.1.9+sha.ac5bf86
|-- H4AsyncWebServer @ 0.0.13+sha.fcbce26
|-- H4Plugins @ 3.5.8+sha.b12de62
|-- LittleFS @ 0.1.0
|-- WiFi @ 1.0.0
|-- lwIP_CYW43 @ 1
|-- lwIP-Ethernet @ 1
|-- SPI @ 1.0
|-- Updater @ 1.0
|-- MD5Builder @ 1.0.0
|-- LEAmDNS @ 1.2
|-- DNSServer @ 1.1.1
|-- ArduinoOTA @ 1.0
|-- HTTPUpdate @ 1.3
|-- HTTPClient @ 1.2
Building in release mode
Compiling .pio/build/pico/src/H4P_PresenceDetectIP.ino.cpp.o
Compiling .pio/build/pico/libe2d/H4AsyncWebServer/H4AsyncHandlers.cpp.o
Compiling .pio/build/pico/libe2d/H4AsyncWebServer/H4AsyncWebServer.cpp.o
Compiling .pio/build/pico/lib091/LEAmDNS/ESP8266mDNS.cpp.o
Compiling .pio/build/pico/lib091/LEAmDNS/LEAmDNS.cpp.o
Compiling .pio/build/pico/lib091/LEAmDNS/LEAmDNS_Control.cpp.o
Archiving .pio/build/pico/libe2d/libH4AsyncWebServer.a
Indexing .pio/build/pico/libe2d/libH4AsyncWebServer.a
Compiling .pio/build/pico/lib091/LEAmDNS/LEAmDNS_Helpers.cpp.o
/home/runner/work/h4plugins/h4plugins/build/pico/src/H4P_PresenceDetectIP.ino:14:1: error: 'h4pRoamingIP' does not name a type
   14 | h4pRoamingIP htc("HTC",htcIP);
      | ^~~~~~~~~~~~
/home/runner/work/h4plugins/h4plugins/build/pico/src/H4P_PresenceDetectIP.ino:15:1: error: 'h4pRoamingIP' does not name a type
   15 | h4pRoamingIP elvis("Elvis","192.168.1.31");
      | ^~~~~~~~~~~~
*** [.pio/build/pico/src/H4P_PresenceDetectIP.ino.cpp.o] Error 1
========================== [FAILED] Took 7.11 seconds ==========================
Environment    Status    Duration
-------------  --------  ------------
pico           FAILED    00:00:07.112
==================== 1 failed, 0 succeeded in 00:00:07.112 ====================