Processing esp32 (board: esp32doit-devkit-v1; platform: https://github.com/pioarduino/platform-espressif32/releases/download/55.03.35/platform-espressif32.zip; framework: arduino)
--------------------------------------------------------------------------------
Tool Manager: Installing https://github.com/pioarduino/registry/releases/download/0.0.1/esptoolpy-v5.1.0.zip
Unpacking 0% 10% 20%
Tool Manager: tool-esptoolpy@5.1.0 has been installed!
Tool Manager: Installing file:///home/runner/.platformio/tools/tool-esptoolpy
Tool Manager: tool-esptoolpy@5.1.0 has been installed!
Verbose mode can be enabled via `-v, --verbose` option
CONFIGURATION: https://docs.platformio.org/page/boards/espressif32/esp32doit-devkit-v1.html
PLATFORM: Espressif 32 (55.3.35) > DOIT ESP32 DEVKIT V1
HARDWARE: ESP32 240MHz, 320KB RAM, 4MB Flash
DEBUG: Current (cmsis-dap) External (cmsis-dap, esp-bridge, esp-prog, iot-bus-jtag, jlink, minimodule, olimex-arm-usb-ocd, olimex-arm-usb-ocd-h, olimex-arm-usb-tiny-h, olimex-jtag-tiny, tumpa)
PACKAGES: 
 - contrib-piohome @ 3.4.4 
 - framework-arduinoespressif32 @ 3.3.5 
 - framework-arduinoespressif32-libs @ 5.5.0+sha.366dadf354 
 - tool-esp-rom-elfs @ 2024.10.11 
 - tool-esptoolpy @ 5.1.0 
 - tool-mklittlefs @ 3.2.0 
 - toolchain-xtensa-esp-elf @ 14.2.0+20251107
Converting H4P_ConditionalSwitch.ino
LDF: Library Dependency Finder -> https://bit.ly/configure-pio-ldf
LDF Modes: Finder ~ chain, Compatibility ~ soft
Found 50 compatible libraries
Scanning dependencies...
Dependency Graph
|-- H4 @ 4.0.10+sha.9125640
|-- H4Tools @ 0.0.16+sha.47ce091
|-- H4AsyncTCP @ 0.0.25+sha.231be9d
|-- H4AsyncMQTT @ 1.0.0-rc12+sha.9d2b784
|-- ArmadilloHTTP @ 0.1.9+sha.ac5bf86
|-- H4AsyncWebServer @ 0.0.13+sha.fcbce26
|-- H4Plugins @ 3.5.8+sha.b12de62
Building in release mode
Compiling .pio/build/esp32/src/H4P_ConditionalSwitch.ino.cpp.o
Compiling .pio/build/esp32/FrameworkArduino/Tone.cpp.o
Compiling .pio/build/esp32/FrameworkArduino/USB.cpp.o
Compiling .pio/build/esp32/FrameworkArduino/USBCDC.cpp.o
Compiling .pio/build/esp32/FrameworkArduino/USBMSC.cpp.o
Compiling .pio/build/esp32/FrameworkArduino/WMath.cpp.o
Compiling .pio/build/esp32/FrameworkArduino/WString.cpp.o
Compiling .pio/build/esp32/FrameworkArduino/base64.cpp.o
Compiling .pio/build/esp32/FrameworkArduino/cbuf.cpp.o
Compiling .pio/build/esp32/FrameworkArduino/chip-debug-report.cpp.o
Compiling .pio/build/esp32/FrameworkArduino/esp32-hal-adc.c.o
Compiling .pio/build/esp32/FrameworkArduino/esp32-hal-bt.c.o
Compiling .pio/build/esp32/FrameworkArduino/esp32-hal-cpu.c.o
Compiling .pio/build/esp32/FrameworkArduino/esp32-hal-dac.c.o
Compiling .pio/build/esp32/FrameworkArduino/esp32-hal-gpio.c.o
Compiling .pio/build/esp32/FrameworkArduino/esp32-hal-hosted.c.o
Compiling .pio/build/esp32/FrameworkArduino/esp32-hal-i2c-ng.c.o
Compiling .pio/build/esp32/FrameworkArduino/esp32-hal-i2c-slave.c.o
Compiling .pio/build/esp32/FrameworkArduino/esp32-hal-i2c.c.o
Compiling .pio/build/esp32/FrameworkArduino/esp32-hal-ledc.c.o
Compiling .pio/build/esp32/FrameworkArduino/esp32-hal-matrix.c.o
Compiling .pio/build/esp32/FrameworkArduino/esp32-hal-misc.c.o
Compiling .pio/build/esp32/FrameworkArduino/esp32-hal-periman.c.o
Compiling .pio/build/esp32/FrameworkArduino/esp32-hal-psram.c.o
Compiling .pio/build/esp32/FrameworkArduino/esp32-hal-rgb-led.c.o
Compiling .pio/build/esp32/FrameworkArduino/esp32-hal-rmt.c.o
Compiling .pio/build/esp32/FrameworkArduino/esp32-hal-sigmadelta.c.o
Compiling .pio/build/esp32/FrameworkArduino/esp32-hal-spi.c.o
Compiling .pio/build/esp32/FrameworkArduino/esp32-hal-time.c.o
Compiling .pio/build/esp32/FrameworkArduino/esp32-hal-timer.c.o
Compiling .pio/build/esp32/FrameworkArduino/esp32-hal-tinyusb.c.o
Compiling .pio/build/esp32/FrameworkArduino/esp32-hal-touch-ng.c.o
Compiling .pio/build/esp32/FrameworkArduino/esp32-hal-touch.c.o
Compiling .pio/build/esp32/FrameworkArduino/esp32-hal-uart.c.o
Compiling .pio/build/esp32/FrameworkArduino/firmware_msc_fat.c.o
Compiling .pio/build/esp32/FrameworkArduino/freertos_stats.cpp.o
Compiling .pio/build/esp32/FrameworkArduino/libb64/cdecode.c.o
Compiling .pio/build/esp32/FrameworkArduino/libb64/cencode.c.o
Compiling .pio/build/esp32/FrameworkArduino/main.cpp.o
Compiling .pio/build/esp32/FrameworkArduino/stdlib_noniso.c.o
Compiling .pio/build/esp32/FrameworkArduino/wiring_pulse.c.o
Compiling .pio/build/esp32/FrameworkArduino/wiring_shift.c.o
Archiving .pio/build/esp32/libFrameworkArduino.a
Indexing .pio/build/esp32/libFrameworkArduino.a
Linking .pio/build/esp32/firmware.elf
                            Memory Type Usage Summary                             
┏━━━━━━━━━━━━━━━━━━━━━┳━━━━━━━━━━━━━━┳━━━━━━━━━━┳━━━━━━━━━━━━━━━━┳━━━━━━━━━━━━━━━┓
┃ Memory Type/Section ┃ Used [bytes] ┃ Used [%] ┃ Remain [bytes] ┃ Total [bytes] ┃
┡━━━━━━━━━━━━━━━━━━━━━╇━━━━━━━━━━━━━━╇━━━━━━━━━━╇━━━━━━━━━━━━━━━━╇━━━━━━━━━━━━━━━┩
│ Flash Code          │      1433480 │          │                │               │
│    .text            │      1433480 │          │                │               │
│ Flash Data          │       298748 │          │                │               │
│    .rodata          │       298492 │          │                │               │
│    .appdesc         │          256 │          │                │               │
│ IRAM                │        85531 │    65.25 │          45541 │        131072 │
│    .text            │        84503 │    64.47 │                │               │
│    .vectors         │         1028 │     0.78 │                │               │
│ DRAM                │        63792 │    51.21 │          60788 │        124580 │
│    .bss             │        39584 │    31.77 │                │               │
│    .data            │        24208 │    19.43 │                │               │
└─────────────────────┴──────────────┴──────────┴────────────────┴───────────────┘
Retrieving maximum program size .pio/build/esp32/firmware.elf
Checking size .pio/build/esp32/firmware.elf
Advanced Memory Usage is available via "PlatformIO Home > Project Inspect"
RAM:   [==        ]  19.5% (used 63792 bytes from 327680 bytes)
Flash: [========= ]  87.8% (used 1841711 bytes from 2097152 bytes)
Building .pio/build/esp32/firmware.bin
esptool v5.1.0
Creating ESP32 image...
Merged 2 ELF sections.
Successfully created ESP32 image.
========================= [SUCCESS] Took 27.77 seconds =========================
Environment    Status    Duration
-------------  --------  ------------
esp32          SUCCESS   00:00:27.770
========================= 1 succeeded in 00:00:27.770 =========================
Total image size: 1841967 bytes (.bin may be padded larger)
Note: The reported total sizes may be smaller than those in the technical reference manual due to reserved memory and application configuration. The total flash size available for the application is not included by default, as it cannot be reliably determined due to the presence of other data like the bootloader, partition table, and application partition size.