Processing nodemcuv2 (platform: espressif8266@4.2.0; board: nodemcuv2; framework: arduino)
--------------------------------------------------------------------------------
Tool Manager: Installing platformio/tool-esptoolpy @ ~1.30000.0
Unpacking 0% 10% 20% 30% 40% 50% 60% 70% 80% 90% 100%
Tool Manager: tool-esptoolpy@1.30000.201119 has been installed!
Verbose mode can be enabled via `-v, --verbose` option
CONFIGURATION: https://docs.platformio.org/page/boards/espressif8266/nodemcuv2.html
PLATFORM: Espressif 8266 (4.2.0) > NodeMCU 1.0 (ESP-12E Module)
HARDWARE: ESP8266 80MHz, 80KB RAM, 4MB Flash
PACKAGES: 
 - framework-arduinoespressif8266 @ 3.30102.0 (3.1.2) 
 - tool-esptool @ 1.413.0 (4.13) 
 - tool-esptoolpy @ 1.30000.201119 (3.0.0) 
 - toolchain-xtensa @ 2.100300.220621 (10.3.0)
Converting H4P_GymnopedieNo1.ino
LDF: Library Dependency Finder -> https://bit.ly/configure-pio-ldf
LDF Modes: Finder ~ deep+, Compatibility ~ soft
Found 45 compatible libraries
Scanning dependencies...
Dependency Graph
|-- H4 @ 4.0.10+sha.9125640
|-- H4Tools @ 0.0.16+sha.47ce091
|-- H4AsyncTCP @ 0.0.25+sha.231be9d
|-- H4AsyncMQTT @ 1.0.0-rc12+sha.9d2b784
|-- ArmadilloHTTP @ 0.1.9+sha.ac5bf86
|-- H4AsyncWebServer @ 0.0.13+sha.fcbce26
|-- H4Plugins @ 3.5.8+sha.b12de62
|-- ESPAsyncUDP @ 0.0.0-alpha+sha.697c75a025
|-- LittleFS @ 0.1.0
|-- ESP8266WiFi @ 1.0
|-- ESP8266mDNS @ 1.2
|-- DNSServer @ 1.1.1
|-- ArduinoOTA @ 1.0
|-- ESP8266httpUpdate @ 1.3
|-- ESP8266HTTPClient @ 1.2
Building in release mode
Compiling .pio/build/nodemcuv2/src/H4P_GymnopedieNo1.ino.cpp.o
Linking .pio/build/nodemcuv2/firmware.elf
In file included from /home/runner/work/h4plugins/h4plugins/build/nodemcuv2/src/H4P_GymnopedieNo1.ino:1:
.pio/libdeps/nodemcuv2/H4Plugins/src/H4Plugins.h:6:76: note: '#pragma message: Using Wifi AP - Make sure you have made arrangements!'
    6 |     #pragma message("Using Wifi AP - Make sure you have made arrangements!")
      |                                                                            ^
/home/runner/.platformio/packages/toolchain-xtensa/bin/../lib/gcc/xtensa-lx106-elf/10.3.0/../../../../xtensa-lx106-elf/bin/ld: .pio/build/nodemcuv2/src/H4P_GymnopedieNo1.ino.cpp.o:(.text._Z41__static_initialization_and_destruction_0ii$constprop$0+0xc0): undefined reference to `_ZN9H4P_VoiceC1Ehh'
/home/runner/.platformio/packages/toolchain-xtensa/bin/../lib/gcc/xtensa-lx106-elf/10.3.0/../../../../xtensa-lx106-elf/bin/ld: .pio/build/nodemcuv2/src/H4P_GymnopedieNo1.ino.cpp.o: in function `_Z41__static_initialization_and_destruction_0ii$constprop$0':
H4P_GymnopedieNo1.ino.cpp:(.text._Z41__static_initialization_and_destruction_0ii$constprop$0+0x2ea): undefined reference to `_ZN9H4P_VoiceC1Ehh'
/home/runner/.platformio/packages/toolchain-xtensa/bin/../lib/gcc/xtensa-lx106-elf/10.3.0/../../../../xtensa-lx106-elf/bin/ld: H4P_GymnopedieNo1.ino.cpp:(.text._Z41__static_initialization_and_destruction_0ii$constprop$0+0x2f7): undefined reference to `_ZN9H4P_VoiceC1Ehh'
/home/runner/.platformio/packages/toolchain-xtensa/bin/../lib/gcc/xtensa-lx106-elf/10.3.0/../../../../xtensa-lx106-elf/bin/ld: H4P_GymnopedieNo1.ino.cpp:(.text._Z41__static_initialization_and_destruction_0ii$constprop$0+0x304): undefined reference to `_ZN9H4P_VoiceC1Ehh'
/home/runner/.platformio/packages/toolchain-xtensa/bin/../lib/gcc/xtensa-lx106-elf/10.3.0/../../../../xtensa-lx106-elf/bin/ld: H4P_GymnopedieNo1.ino.cpp:(.text._Z41__static_initialization_and_destruction_0ii$constprop$0+0x311): undefined reference to `_ZN9H4P_VoiceC1Ehh'
/home/runner/.platformio/packages/toolchain-xtensa/bin/../lib/gcc/xtensa-lx106-elf/10.3.0/../../../../xtensa-lx106-elf/bin/ld: .pio/build/nodemcuv2/src/H4P_GymnopedieNo1.ino.cpp.o:H4P_GymnopedieNo1.ino.cpp:(.text._Z41__static_initialization_and_destruction_0ii$constprop$0+0x31e): more undefined references to `_ZN9H4P_VoiceC1Ehh' follow
collect2: error: ld returned 1 exit status
*** [.pio/build/nodemcuv2/firmware.elf] Error 1
========================== [FAILED] Took 4.97 seconds ==========================
Environment    Status    Duration
-------------  --------  ------------
nodemcuv2      FAILED    00:00:04.969
==================== 1 failed, 0 succeeded in 00:00:04.969 ====================