Processing esp32s3-devkitc (board: esp32-s3-devkitc-1; platform: https://github.com/pioarduino/platform-espressif32/releases/download/55.03.35/platform-espressif32.zip; framework: arduino)
--------------------------------------------------------------------------------
Library Manager: Installing git+https://github.com/HamzaHajeir/H4#4.0.9
git version 2.52.0
Library Manager: H4@4.0.9+sha.6f2f510 has been installed!
Library Manager: Installing git+https://github.com/HamzaHajeir/H4Tools#0.0.16
git version 2.52.0
Library Manager: H4Tools@0.0.16+sha.47ce091 has been installed!
Library Manager: Installing git+https://github.com/HamzaHajeir/H4AsyncTCP#0.0.25
git version 2.52.0
Library Manager: H4AsyncTCP@0.0.25+sha.231be9d has been installed!
Library Manager: Installing git+https://github.com/HamzaHajeir/H4AsyncMQTT#1.0.0-rc12
git version 2.52.0
Library Manager: H4AsyncMQTT@1.0.0-rc12+sha.9d2b784 has been installed!
Library Manager: Resolving dependencies...
Library Manager: Installing git+https://github.com/HamzaHajeir/ArmadilloHTTP#0.1.9
git version 2.52.0
Library Manager: ArmadilloHTTP@0.1.9+sha.ac5bf86 has been installed!
Library Manager: Resolving dependencies...
Library Manager: Installing git+https://github.com/HamzaHajeir/H4AsyncWebServer#0.0.12
git version 2.52.0
Library Manager: H4AsyncWebServer@0.0.12+sha.95236bc has been installed!
Library Manager: Installing git+https://github.com/HamzaHajeir/h4plugins#3.5.7
git version 2.52.0
Library Manager: H4Plugins@3.5.7+sha.0ad6c2a has been installed!
Library Manager: Resolving dependencies...
Verbose mode can be enabled via `-v, --verbose` option
CONFIGURATION: https://docs.platformio.org/page/boards/espressif32/esp32-s3-devkitc-1.html
PLATFORM: Espressif 32 (55.3.35) > Espressif ESP32-S3-DevKitC-1-N8 (8 MB QD, No PSRAM)
HARDWARE: ESP32S3 240MHz, 320KB RAM, 8MB Flash
DEBUG: Current (esp-builtin) On-board (esp-builtin) External (cmsis-dap, esp-bridge, esp-prog, iot-bus-jtag, jlink, minimodule, olimex-arm-usb-ocd, olimex-arm-usb-ocd-h, olimex-arm-usb-tiny-h, olimex-jtag-tiny, tumpa)
PACKAGES: 
 - contrib-piohome @ 3.4.4 
 - framework-arduinoespressif32 @ 3.3.5 
 - framework-arduinoespressif32-libs @ 5.5.0+sha.366dadf354 
 - tool-esp-rom-elfs @ 2024.10.11 
 - tool-esptoolpy @ 5.1.0 
 - tool-mklittlefs @ 3.2.0 
 - toolchain-xtensa-esp-elf @ 14.2.0+20251107
Converting H4P_Simple_Tones.ino
LDF: Library Dependency Finder -> https://bit.ly/configure-pio-ldf
LDF Modes: Finder ~ chain, Compatibility ~ soft
Found 50 compatible libraries
Scanning dependencies...
Dependency Graph
|-- H4 @ 4.0.9+sha.6f2f510
|-- H4Tools @ 0.0.16+sha.47ce091
|-- H4AsyncTCP @ 0.0.25+sha.231be9d
|-- H4AsyncMQTT @ 1.0.0-rc12+sha.9d2b784
|-- ArmadilloHTTP @ 0.1.9+sha.ac5bf86
|-- H4AsyncWebServer @ 0.0.12+sha.95236bc
|-- H4Plugins @ 3.5.7+sha.0ad6c2a
Building in release mode
Compiling .pio/build/esp32s3-devkitc/lib020/H4/H4.cpp.o
Compiling .pio/build/esp32s3-devkitc/lib7aa/FS/FS.cpp.o
Compiling .pio/build/esp32s3-devkitc/lib7aa/FS/vfs_api.cpp.o
Compiling .pio/build/esp32s3-devkitc/lib620/LittleFS/LittleFS.cpp.o
Compiling .pio/build/esp32s3-devkitc/lib487/Network/NetworkClient.cpp.o
Compiling .pio/build/esp32s3-devkitc/lib487/Network/NetworkEvents.cpp.o
Compiling .pio/build/esp32s3-devkitc/lib487/Network/NetworkInterface.cpp.o
Compiling .pio/build/esp32s3-devkitc/lib487/Network/NetworkManager.cpp.o
Compiling .pio/build/esp32s3-devkitc/lib487/Network/NetworkServer.cpp.o
Compiling .pio/build/esp32s3-devkitc/lib487/Network/NetworkUdp.cpp.o
Compiling .pio/build/esp32s3-devkitc/lib989/WiFi/AP.cpp.o
Compiling .pio/build/esp32s3-devkitc/lib989/WiFi/STA.cpp.o
Compiling .pio/build/esp32s3-devkitc/lib989/WiFi/WiFi.cpp.o
Compiling .pio/build/esp32s3-devkitc/lib989/WiFi/WiFiAP.cpp.o
Compiling .pio/build/esp32s3-devkitc/lib989/WiFi/WiFiGeneric.cpp.o
Compiling .pio/build/esp32s3-devkitc/lib989/WiFi/WiFiMulti.cpp.o
Compiling .pio/build/esp32s3-devkitc/lib989/WiFi/WiFiSTA.cpp.o
Compiling .pio/build/esp32s3-devkitc/lib989/WiFi/WiFiScan.cpp.o
Compiling .pio/build/esp32s3-devkitc/libba2/H4Tools/H4Tools.cpp.o
Compiling .pio/build/esp32s3-devkitc/libba2/H4Tools/mbx.cpp.o
Compiling .pio/build/esp32s3-devkitc/lib088/H4AsyncTCP/H4AsyncServer.cpp.o
Compiling .pio/build/esp32s3-devkitc/lib088/H4AsyncTCP/H4AsyncTCP.cpp.o
Compiling .pio/build/esp32s3-devkitc/lib088/H4AsyncTCP/LwIPCoreLocker.cpp.o
Compiling .pio/build/esp32s3-devkitc/lib088/H4AsyncTCP/h4async_config.cpp.o
Compiling .pio/build/esp32s3-devkitc/lib0cd/H4AsyncMQTT/H4AsyncMQTT.cpp.o
Compiling .pio/build/esp32s3-devkitc/lib0cd/H4AsyncMQTT/Packet.cpp.o
Compiling .pio/build/esp32s3-devkitc/lib0cd/H4AsyncMQTT/Properties.cpp.o
Compiling .pio/build/esp32s3-devkitc/lib0cd/H4AsyncMQTT/mqTraits.cpp.o
Compiling .pio/build/esp32s3-devkitc/libe0f/ArmadilloHTTP/ArmadilloHTTP.cpp.o
Compiling .pio/build/esp32s3-devkitc/lib0f4/H4AsyncWebServer/H4AT_HTTPHandlerWS.cpp.o
Cloning into '/home/runner/.platformio/.cache/tmp/pkg-installing-s0agu2km'...
warning: refs/tags/4.0.9 cf8b6f15d2ae6574248609ad9a42dd919b8bc1c7 is not a commit!
Note: switching to '6f2f5105138d74b820570c454306a2f77b6d2277'.
You are in 'detached HEAD' state. You can look around, make experimental
changes and commit them, and you can discard any commits you make in this
state without impacting any branches by switching back to a branch.
If you want to create a new branch to retain commits you create, you may
do so (now or later) by using -c with the switch command. Example:
  git switch -c <new-branch-name>
Or undo this operation with:
  git switch -
Turn off this advice by setting config variable advice.detachedHead to false
Cloning into '/home/runner/.platformio/.cache/tmp/pkg-installing-605zv234'...
warning: refs/tags/0.0.16 13872a03a59a05b0462818899db5b374ad9db3b2 is not a commit!
Note: switching to '47ce091ad47ea79a838c34a7abaee46278f5cb4d'.
You are in 'detached HEAD' state. You can look around, make experimental
changes and commit them, and you can discard any commits you make in this
state without impacting any branches by switching back to a branch.
If you want to create a new branch to retain commits you create, you may
do so (now or later) by using -c with the switch command. Example:
  git switch -c <new-branch-name>
Or undo this operation with:
  git switch -
Turn off this advice by setting config variable advice.detachedHead to false
Cloning into '/home/runner/.platformio/.cache/tmp/pkg-installing-i6b4ytdg'...
warning: refs/tags/0.0.25 e48ef7888ffda0c55cd81d135320844940def4b2 is not a commit!
Note: switching to '231be9deaf91e506941ea3fa9f33089813869ddf'.
You are in 'detached HEAD' state. You can look around, make experimental
changes and commit them, and you can discard any commits you make in this
state without impacting any branches by switching back to a branch.
If you want to create a new branch to retain commits you create, you may
do so (now or later) by using -c with the switch command. Example:
  git switch -c <new-branch-name>
Or undo this operation with:
  git switch -
Turn off this advice by setting config variable advice.detachedHead to false
Cloning into '/home/runner/.platformio/.cache/tmp/pkg-installing-xga_0qax'...
warning: refs/tags/1.0.0-rc12 4903eed4b73117310b85c81d3e43aac430242301 is not a commit!
Note: switching to '9d2b7846cef22bb097fde379984f7d5dda6c282e'.
You are in 'detached HEAD' state. You can look around, make experimental
changes and commit them, and you can discard any commits you make in this
state without impacting any branches by switching back to a branch.
If you want to create a new branch to retain commits you create, you may
do so (now or later) by using -c with the switch command. Example:
  git switch -c <new-branch-name>
Or undo this operation with:
  git switch -
Turn off this advice by setting config variable advice.detachedHead to false
Cloning into '/home/runner/.platformio/.cache/tmp/pkg-installing-ryhy7ia4'...
warning: refs/tags/0.1.9 de0d5f3ddcd5e52b63d11f8805a078bd9aad188a is not a commit!
Note: switching to 'ac5bf862a0ee829aa20ccf2b5c23c42d53092fcf'.
You are in 'detached HEAD' state. You can look around, make experimental
changes and commit them, and you can discard any commits you make in this
state without impacting any branches by switching back to a branch.
If you want to create a new branch to retain commits you create, you may
do so (now or later) by using -c with the switch command. Example:
  git switch -c <new-branch-name>
Or undo this operation with:
  git switch -
Turn off this advice by setting config variable advice.detachedHead to false
Cloning into '/home/runner/.platformio/.cache/tmp/pkg-installing-x7b_jzpe'...
warning: refs/tags/0.0.12 c1495ff674f240ae1fa28c67d4af9797de8f67d6 is not a commit!
Note: switching to '95236bcf5624650cee78fe3a298ca18bbdc9aa05'.
You are in 'detached HEAD' state. You can look around, make experimental
changes and commit them, and you can discard any commits you make in this
state without impacting any branches by switching back to a branch.
If you want to create a new branch to retain commits you create, you may
do so (now or later) by using -c with the switch command. Example:
  git switch -c <new-branch-name>
Or undo this operation with:
  git switch -
Turn off this advice by setting config variable advice.detachedHead to false
Cloning into '/home/runner/.platformio/.cache/tmp/pkg-installing-proqbbim'...
warning: refs/tags/3.5.7 6229dcc2ee73817f04f835056d627d7dee73050b is not a commit!
Note: switching to '0ad6c2a4abb69389bd90c5f0c61791284c531d26'.
You are in 'detached HEAD' state. You can look around, make experimental
changes and commit them, and you can discard any commits you make in this
state without impacting any branches by switching back to a branch.
If you want to create a new branch to retain commits you create, you may
do so (now or later) by using -c with the switch command. Example:
  git switch -c <new-branch-name>
Or undo this operation with:
  git switch -
Turn off this advice by setting config variable advice.detachedHead to false
.pio/libdeps/esp32s3-devkitc/H4AsyncWebServer/src/H4AT_HTTPHandlerWS.cpp:32:9: fatal error: H4ASyncWebServer.h: No such file or directory
**************************************************************************
* Looking for H4ASyncWebServer.h dependency? Check our library registry!
*
* CLI  > platformio lib search "header:H4ASyncWebServer.h"
* Web  > https://registry.platformio.org/search?q=header:H4ASyncWebServer.h
*
**************************************************************************
   32 | #include<H4ASyncWebServer.h>
      |         ^~~~~~~~~~~~~~~~~~~~
compilation terminated.
*** [.pio/build/esp32s3-devkitc/lib0f4/H4AsyncWebServer/H4AT_HTTPHandlerWS.cpp.o] Error 1
========================= [FAILED] Took 28.39 seconds =========================
Environment      Status    Duration
---------------  --------  ------------
esp32s3-devkitc  FAILED    00:00:28.386
==================== 1 failed, 0 succeeded in 00:00:28.386 ====================