Processing pico (platform: https://github.com/maxgerhardt/platform-raspberrypi.git#5b72058658ebaf98045755662bc8b28479bd288b; framework: arduino; board: rpipicow)
--------------------------------------------------------------------------------
Verbose mode can be enabled via `-v, --verbose` option
CONFIGURATION: https://docs.platformio.org/page/boards/raspberrypi/rpipicow.html
PLATFORM: Raspberry Pi RP2040 (1.14.0+sha.5b72058) > Pico W
HARDWARE: RP2040 133MHz, 256KB RAM, 2MB Flash
DEBUG: Current (blackmagic) External (blackmagic, cmsis-dap, jlink, picoprobe, raspberrypi-swd)
PACKAGES: 
 - framework-arduinopico @ 1.40101.0+sha.9d17f42 
 - tool-picotool-rp2040-earlephilhower @ 5.140200.240929 (14.2.0) 
 - toolchain-rp2040-earlephilhower @ 5.140200.240929 (14.2.0)
Converting AsyncHTTP.ino
Flash size: 2.00MB
Sketch size: 1.50MB
Filesystem size: 0.50MB
PSRAM size: 0.00MB
Maximium Sketch size: 1568768 EEPROM start: 0x101ff000 Filesystem start: 0x1017f000 Filesystem end: 0x101ff000
LDF: Library Dependency Finder -> https://bit.ly/configure-pio-ldf
LDF Modes: Finder ~ deep+, Compatibility ~ soft
Found 72 compatible libraries
Scanning dependencies...
Dependency Graph
|-- H4 @ 4.0.10+sha.9125640
|-- H4Tools @ 0.0.16+sha.47ce091
|-- H4AsyncTCP @ 0.0.25+sha.231be9d
|-- H4AsyncMQTT @ 1.0.0-rc12+sha.9d2b784
|-- ArmadilloHTTP @ 0.1.9+sha.ac5bf86
|-- H4AsyncWebServer @ 0.0.13+sha.fcbce26
|-- H4Plugins @ 3.5.8+sha.2a5b3e7
|-- LittleFS @ 0.1.0
|-- WiFi @ 1.0.0
|-- lwIP_CYW43 @ 1
|-- lwIP-Ethernet @ 1
|-- SPI @ 1.0
|-- Updater @ 1.0
|-- MD5Builder @ 1.0.0
|-- LEAmDNS @ 1.2
|-- DNSServer @ 1.1.1
|-- ArduinoOTA @ 1.0
|-- HTTPUpdate @ 1.3
|-- HTTPClient @ 1.2
Building in release mode
Compiling .pio/build/pico/src/AsyncHTTP.ino.cpp.o
Archiving .pio/build/pico/libf18/libH4.a
Indexing .pio/build/pico/libf18/libH4.a
Compiling .pio/build/pico/lib349/LittleFS/lfs.c.o
Compiling .pio/build/pico/lib349/LittleFS/lfs_util.c.o
Compiling .pio/build/pico/libbc7/MD5Builder/MD5Builder.cpp.o
Compiling .pio/build/pico/lib897/PicoOTA/PicoOTA.cpp.o
In file included from .pio/libdeps/pico/H4Plugins/src/H4Plugins.h:20,
                 from /home/runner/work/h4plugins/h4plugins/build/pico/src/AsyncHTTP.ino:4:
.pio/libdeps/pico/H4Plugins/src/H4P_GateKeeper.h:24:14: fatal error: ping.h: No such file or directory
**************************************************************
* Looking for ping.h dependency? Check our library registry!
*
* CLI  > platformio lib search "header:ping.h"
* Web  > https://registry.platformio.org/search?q=header:ping.h
*
**************************************************************
   24 |     #include <ping.h>
      |              ^~~~~~~~
compilation terminated.
*** [.pio/build/pico/src/AsyncHTTP.ino.cpp.o] Error 1
========================== [FAILED] Took 3.41 seconds ==========================
Environment    Status    Duration
-------------  --------  ------------
pico           FAILED    00:00:03.411
==================== 1 failed, 0 succeeded in 00:00:03.411 ====================