Processing nodemcuv2 (platform: espressif8266@4.2.0; board: nodemcuv2; framework: arduino)
--------------------------------------------------------------------------------
Verbose mode can be enabled via `-v, --verbose` option
CONFIGURATION: https://docs.platformio.org/page/boards/espressif8266/nodemcuv2.html
PLATFORM: Espressif 8266 (4.2.0) > NodeMCU 1.0 (ESP-12E Module)
HARDWARE: ESP8266 80MHz, 80KB RAM, 4MB Flash
PACKAGES: 
 - framework-arduinoespressif8266 @ 3.30102.0 (3.1.2) 
 - tool-esptool @ 1.413.0 (4.13) 
 - tool-esptoolpy @ 1.30000.201119 (3.0.0) 
 - toolchain-xtensa @ 2.100300.220621 (10.3.0)
Converting Generic_ESP01S.ino
LDF: Library Dependency Finder -> https://bit.ly/configure-pio-ldf
LDF Modes: Finder ~ deep+, Compatibility ~ soft
Found 45 compatible libraries
Scanning dependencies...
Dependency Graph
|-- H4 @ 4.0.10+sha.9125640
|-- H4Tools @ 0.0.16+sha.47ce091
|-- H4AsyncTCP @ 0.0.25+sha.231be9d
|-- H4AsyncMQTT @ 1.0.0-rc12+sha.9d2b784
|-- ArmadilloHTTP @ 0.1.9+sha.ac5bf86
|-- H4AsyncWebServer @ 0.0.13+sha.fcbce26
|-- H4Plugins @ 3.5.8+sha.2a5b3e7
|-- ESPAsyncUDP @ 0.0.0-alpha+sha.697c75a025
|-- LittleFS @ 0.1.0
|-- ESP8266WiFi @ 1.0
|-- ESP8266mDNS @ 1.2
|-- DNSServer @ 1.1.1
|-- ArduinoOTA @ 1.0
|-- ESP8266httpUpdate @ 1.3
|-- ESP8266HTTPClient @ 1.2
Building in release mode
Compiling .pio/build/nodemcuv2/src/Generic_ESP01S.ino.cpp.o
/home/runner/work/h4plugins/h4plugins/build/nodemcuv2/src/Generic_ESP01S.ino:12:57: error: no matching function for call to 'H4P_RemoteUpdate::H4P_RemoteUpdate(const char [24], const char [19])'
   12 | H4P_RemoteUpdate h4ru("192.168.1.4:1880/update",__FILE__);
      |                                                         ^
In file included from .pio/libdeps/nodemcuv2/H4Plugins/src/H4Plugins.h:29,
                 from /home/runner/work/h4plugins/h4plugins/build/nodemcuv2/src/Generic_ESP01S.ino:4:
.pio/libdeps/nodemcuv2/H4Plugins/src/H4P_RemoteUpdate.h:80:9: note: candidate: 'H4P_RemoteUpdate::H4P_RemoteUpdate(const string&)'
   80 |         H4P_RemoteUpdate(const std::string& url=""): H4Service("rupd",H4PE_VIEWERS){
      |         ^~~~~~~~~~~~~~~~
.pio/libdeps/nodemcuv2/H4Plugins/src/H4P_RemoteUpdate.h:80:9: note:   candidate expects 1 argument, 2 provided
In file included from .pio/libdeps/nodemcuv2/H4Plugins/src/H4Plugins.h:29,
                 from /home/runner/work/h4plugins/h4plugins/build/nodemcuv2/src/Generic_ESP01S.ino:4:
.pio/libdeps/nodemcuv2/H4Plugins/src/H4P_RemoteUpdate.h:21:7: note: candidate: 'H4P_RemoteUpdate::H4P_RemoteUpdate(const H4P_RemoteUpdate&)'
   21 | class H4P_RemoteUpdate: public H4Service, public ESP8266HTTPUpdate {
      |       ^~~~~~~~~~~~~~~~
.pio/libdeps/nodemcuv2/H4Plugins/src/H4P_RemoteUpdate.h:21:7: note:   candidate expects 1 argument, 2 provided
.pio/libdeps/nodemcuv2/H4Plugins/src/H4P_RemoteUpdate.h:21:7: note: candidate: 'H4P_RemoteUpdate::H4P_RemoteUpdate(H4P_RemoteUpdate&&)'
.pio/libdeps/nodemcuv2/H4Plugins/src/H4P_RemoteUpdate.h:21:7: note:   candidate expects 1 argument, 2 provided
*** [.pio/build/nodemcuv2/src/Generic_ESP01S.ino.cpp.o] Error 1
========================== [FAILED] Took 3.33 seconds ==========================
Environment    Status    Duration
-------------  --------  ------------
nodemcuv2      FAILED    00:00:03.331
==================== 1 failed, 0 succeeded in 00:00:03.331 ====================