Processing esp32 (board: esp32doit-devkit-v1; platform: https://github.com/pioarduino/platform-espressif32/releases/download/55.03.35/platform-espressif32.zip; framework: arduino)
--------------------------------------------------------------------------------
Tool Manager: Installing https://github.com/pioarduino/registry/releases/download/0.0.1/esptoolpy-v5.1.0.zip
Unpacking 0% 10% 20%
Tool Manager: tool-esptoolpy@5.1.0 has been installed!
Tool Manager: Installing file:///home/runner/.platformio/tools/tool-esptoolpy
Tool Manager: tool-esptoolpy@5.1.0 has been installed!
Verbose mode can be enabled via `-v, --verbose` option
CONFIGURATION: https://docs.platformio.org/page/boards/espressif32/esp32doit-devkit-v1.html
PLATFORM: Espressif 32 (55.3.35) > DOIT ESP32 DEVKIT V1
HARDWARE: ESP32 240MHz, 320KB RAM, 4MB Flash
DEBUG: Current (cmsis-dap) External (cmsis-dap, esp-bridge, esp-prog, iot-bus-jtag, jlink, minimodule, olimex-arm-usb-ocd, olimex-arm-usb-ocd-h, olimex-arm-usb-tiny-h, olimex-jtag-tiny, tumpa)
PACKAGES: 
 - contrib-piohome @ 3.4.4 
 - framework-arduinoespressif32 @ 3.3.5 
 - framework-arduinoespressif32-libs @ 5.5.0+sha.366dadf354 
 - tool-esp-rom-elfs @ 2024.10.11 
 - tool-esptoolpy @ 5.1.0 
 - tool-mklittlefs @ 3.2.0 
 - toolchain-xtensa-esp-elf @ 14.2.0+20251107
Converting H4P_CustomLogger.ino
LDF: Library Dependency Finder -> https://bit.ly/configure-pio-ldf
LDF Modes: Finder ~ chain, Compatibility ~ soft
Found 50 compatible libraries
Scanning dependencies...
Dependency Graph
|-- H4 @ 4.0.10+sha.9125640
|-- H4Tools @ 0.0.16+sha.47ce091
|-- H4AsyncTCP @ 0.0.25+sha.231be9d
|-- H4AsyncMQTT @ 1.0.0-rc12+sha.9d2b784
|-- ArmadilloHTTP @ 0.1.9+sha.ac5bf86
|-- H4AsyncWebServer @ 0.0.13+sha.fcbce26
|-- H4Plugins @ 3.5.8+sha.2a5b3e7
Building in release mode
Compiling .pio/build/esp32/lib3ca/H4/H4.cpp.o
Compiling .pio/build/esp32/lib7aa/FS/FS.cpp.o
Compiling .pio/build/esp32/lib7aa/FS/vfs_api.cpp.o
Compiling .pio/build/esp32/lib620/LittleFS/LittleFS.cpp.o
Compiling .pio/build/esp32/lib487/Network/NetworkClient.cpp.o
Compiling .pio/build/esp32/lib487/Network/NetworkEvents.cpp.o
Compiling .pio/build/esp32/lib487/Network/NetworkInterface.cpp.o
Compiling .pio/build/esp32/lib487/Network/NetworkManager.cpp.o
Compiling .pio/build/esp32/lib487/Network/NetworkServer.cpp.o
Compiling .pio/build/esp32/lib487/Network/NetworkUdp.cpp.o
Compiling .pio/build/esp32/lib989/WiFi/AP.cpp.o
Compiling .pio/build/esp32/lib989/WiFi/STA.cpp.o
Compiling .pio/build/esp32/lib989/WiFi/WiFi.cpp.o
Compiling .pio/build/esp32/lib989/WiFi/WiFiAP.cpp.o
Compiling .pio/build/esp32/lib989/WiFi/WiFiGeneric.cpp.o
Compiling .pio/build/esp32/lib989/WiFi/WiFiMulti.cpp.o
Compiling .pio/build/esp32/lib989/WiFi/WiFiSTA.cpp.o
Compiling .pio/build/esp32/lib989/WiFi/WiFiScan.cpp.o
Compiling .pio/build/esp32/libf32/H4Tools/H4Tools.cpp.o
Compiling .pio/build/esp32/libf32/H4Tools/mbx.cpp.o
Compiling .pio/build/esp32/lib8f9/H4AsyncTCP/H4AsyncServer.cpp.o
Compiling .pio/build/esp32/lib8f9/H4AsyncTCP/H4AsyncTCP.cpp.o
Compiling .pio/build/esp32/lib8f9/H4AsyncTCP/LwIPCoreLocker.cpp.o
Compiling .pio/build/esp32/lib8f9/H4AsyncTCP/h4async_config.cpp.o
Compiling .pio/build/esp32/lib0ef/H4AsyncMQTT/H4AsyncMQTT.cpp.o
Compiling .pio/build/esp32/lib0ef/H4AsyncMQTT/Packet.cpp.o
Compiling .pio/build/esp32/lib0ef/H4AsyncMQTT/Properties.cpp.o
Compiling .pio/build/esp32/lib0ef/H4AsyncMQTT/mqTraits.cpp.o
Compiling .pio/build/esp32/lib9b0/ArmadilloHTTP/ArmadilloHTTP.cpp.o
Compiling .pio/build/esp32/lib0e1/H4AsyncWebServer/H4AT_HTTPHandlerWS.cpp.o
Compiling .pio/build/esp32/lib0e1/H4AsyncWebServer/H4AW_HTTPHandlerSSE.cpp.o
Compiling .pio/build/esp32/lib0e1/H4AsyncWebServer/H4AsyncAuthenticators.cpp.o
Compiling .pio/build/esp32/lib0e1/H4AsyncWebServer/H4AsyncHandlers.cpp.o
Compiling .pio/build/esp32/lib0e1/H4AsyncWebServer/H4AsyncWebServer.cpp.o
Compiling .pio/build/esp32/libf74/BLE/BLE2901.cpp.o
Compiling .pio/build/esp32/libf74/BLE/BLE2902.cpp.o
Compiling .pio/build/esp32/libf74/BLE/BLE2904.cpp.o
Compiling .pio/build/esp32/libf74/BLE/BLEAddress.cpp.o
Compiling .pio/build/esp32/libf74/BLE/BLEAdvertisedDevice.cpp.o
Compiling .pio/build/esp32/libf74/BLE/BLEAdvertising.cpp.o
Compiling .pio/build/esp32/libf74/BLE/BLEBeacon.cpp.o
Compiling .pio/build/esp32/libf74/BLE/BLECharacteristic.cpp.o
Compiling .pio/build/esp32/libf74/BLE/BLECharacteristicMap.cpp.o
Compiling .pio/build/esp32/libf74/BLE/BLEClient.cpp.o
Compiling .pio/build/esp32/libf74/BLE/BLEDescriptor.cpp.o
Compiling .pio/build/esp32/libf74/BLE/BLEDescriptorMap.cpp.o
Compiling .pio/build/esp32/libf74/BLE/BLEDevice.cpp.o
Compiling .pio/build/esp32/libf74/BLE/BLEEddystoneTLM.cpp.o
Compiling .pio/build/esp32/libf74/BLE/BLEEddystoneURL.cpp.o
Compiling .pio/build/esp32/libf74/BLE/BLEExceptions.cpp.o
Compiling .pio/build/esp32/libf74/BLE/BLEHIDDevice.cpp.o
Compiling .pio/build/esp32/libf74/BLE/BLERemoteCharacteristic.cpp.o
Compiling .pio/build/esp32/libf74/BLE/BLERemoteDescriptor.cpp.o
Compiling .pio/build/esp32/libf74/BLE/BLERemoteService.cpp.o
Compiling .pio/build/esp32/libf74/BLE/BLEScan.cpp.o
Compiling .pio/build/esp32/libf74/BLE/BLESecurity.cpp.o
Compiling .pio/build/esp32/libf74/BLE/BLEServer.cpp.o
Compiling .pio/build/esp32/libf74/BLE/BLEService.cpp.o
Compiling .pio/build/esp32/libf74/BLE/BLEServiceMap.cpp.o
Compiling .pio/build/esp32/libf74/BLE/BLEUUID.cpp.o
Compiling .pio/build/esp32/libf74/BLE/BLEUtils.cpp.o
Compiling .pio/build/esp32/libf74/BLE/BLEValue.cpp.o
Compiling .pio/build/esp32/libf74/BLE/FreeRTOS.cpp.o
Compiling .pio/build/esp32/libf74/BLE/GeneralUtils.cpp.o
Compiling .pio/build/esp32/libf0e/NetworkClientSecure/NetworkClientSecure.cpp.o
Compiling .pio/build/esp32/libf0e/NetworkClientSecure/ssl_client.cpp.o
Compiling .pio/build/esp32/lib67b/HTTPClient/HTTPClient.cpp.o
Compiling .pio/build/esp32/lib92c/Hash/PBKDF2_HMACBuilder.cpp.o
Compiling .pio/build/esp32/lib92c/Hash/SHA1Builder.cpp.o
Compiling .pio/build/esp32/lib92c/Hash/SHA2Builder.cpp.o
Compiling .pio/build/esp32/lib92c/Hash/SHA3Builder.cpp.o
Compiling .pio/build/esp32/lib4b6/Update/HttpsOTAUpdate.cpp.o
Compiling .pio/build/esp32/lib4b6/Update/Updater.cpp.o
Compiling .pio/build/esp32/lib4b6/Update/Updater_Signing.cpp.o
Compiling .pio/build/esp32/lib1d4/HTTPUpdate/HTTPUpdate.cpp.o
Compiling .pio/build/esp32/lib4b6/ESPmDNS/ESPmDNS.cpp.o
Compiling .pio/build/esp32/lib134/ArduinoOTA/ArduinoOTA.cpp.o
Compiling .pio/build/esp32/lib59e/AsyncUDP/AsyncUDP.cpp.o
Compiling .pio/build/esp32/lib147/DNSServer/DNSServer.cpp.o
Compiling .pio/build/esp32/lib6b8/H4Plugins/H4PStatic.cpp.o
Compiling .pio/build/esp32/lib6b8/H4Plugins/H4P_AsyncHTTP.cpp.o
Compiling .pio/build/esp32/lib6b8/H4Plugins/H4P_AsyncMQTT.cpp.o
In file included from .pio/libdeps/esp32/H4Plugins/src/H4PStatic.cpp:72:
.pio/libdeps/esp32/H4Plugins/src/H4P_GateKeeper.h:24:14: fatal error: ping.h: No such file or directory
**************************************************************
* Looking for ping.h dependency? Check our library registry!
*
* CLI  > platformio lib search "header:ping.h"
* Web  > https://registry.platformio.org/search?q=header:ping.h
*
**************************************************************
   24 |     #include <ping.h>
      |              ^~~~~~~~
compilation terminated.
*** [.pio/build/esp32/lib6b8/H4Plugins/H4PStatic.cpp.o] Error 1
========================= [FAILED] Took 43.02 seconds =========================
Environment    Status    Duration
-------------  --------  ------------
esp32          FAILED    00:00:43.018
==================== 1 failed, 0 succeeded in 00:00:43.018 ====================