Processing pico (platform: https://github.com/maxgerhardt/platform-raspberrypi.git#5b72058658ebaf98045755662bc8b28479bd288b; framework: arduino; board: rpipicow)
--------------------------------------------------------------------------------
Verbose mode can be enabled via `-v, --verbose` option
CONFIGURATION: https://docs.platformio.org/page/boards/raspberrypi/rpipicow.html
PLATFORM: Raspberry Pi RP2040 (1.14.0+sha.5b72058) > Pico W
HARDWARE: RP2040 133MHz, 256KB RAM, 2MB Flash
DEBUG: Current (blackmagic) External (blackmagic, cmsis-dap, jlink, picoprobe, raspberrypi-swd)
PACKAGES: 
 - framework-arduinopico @ 1.40101.0+sha.9d17f42 
 - tool-picotool-rp2040-earlephilhower @ 5.140200.240929 (14.2.0) 
 - toolchain-rp2040-earlephilhower @ 5.140200.240929 (14.2.0)
Converting H4P_SunriseSunset.ino
Flash size: 2.00MB
Sketch size: 1.50MB
Filesystem size: 0.50MB
PSRAM size: 0.00MB
Maximium Sketch size: 1568768 EEPROM start: 0x101ff000 Filesystem start: 0x1017f000 Filesystem end: 0x101ff000
LDF: Library Dependency Finder -> https://bit.ly/configure-pio-ldf
LDF Modes: Finder ~ deep+, Compatibility ~ soft
Found 72 compatible libraries
Scanning dependencies...
Dependency Graph
|-- H4 @ 4.0.10+sha.9125640
|-- H4Tools @ 0.0.16+sha.47ce091
|-- H4AsyncTCP @ 0.0.25+sha.231be9d
|-- H4AsyncMQTT @ 1.0.0-rc12+sha.9d2b784
|-- ArmadilloHTTP @ 0.1.9+sha.ac5bf86
|-- H4AsyncWebServer @ 0.0.13+sha.fcbce26
|-- H4Plugins @ 3.5.8+sha.8ab2fed
Building in release mode
Compiling .pio/build/pico/FrameworkArduinoVariant/picow_digital.cpp.o
Compiling .pio/build/pico/FrameworkArduinoVariant/picow_init.cpp.o
Compiling .pio/build/pico/FrameworkArduinoBootloader/boot2_w25q080_2_padded_checksum.S.o
Compiling .pio/build/pico/src/H4P_SunriseSunset.ino.cpp.o
Generating linkerscript /home/runner/work/h4plugins/h4plugins/build/pico/.pio/build/pico/memmap_default.ld
Compiling .pio/build/pico/libf18/H4/H4.cpp.o
Compiling .pio/build/pico/lib349/LittleFS/LittleFS.cpp.o
Compiling .pio/build/pico/lib349/LittleFS/lfs.c.o
/home/runner/work/h4plugins/h4plugins/build/pico/src/H4P_SunriseSunset.ino:26:2: error: #error The sketch is not supported currently as SUNRISE is not a published feature.
   26 | #endif
      |  ^~~~~
*** [.pio/build/pico/src/H4P_SunriseSunset.ino.cpp.o] Error 1
========================== [FAILED] Took 4.84 seconds ==========================
Environment    Status    Duration
-------------  --------  ------------
pico           FAILED    00:00:04.844
==================== 1 failed, 0 succeeded in 00:00:04.844 ====================