Processing esp32 (board: esp32doit-devkit-v1; platform: https://github.com/pioarduino/platform-espressif32/releases/download/55.03.35/platform-espressif32.zip; framework: arduino)
--------------------------------------------------------------------------------
Verbose mode can be enabled via `-v, --verbose` option
CONFIGURATION: https://docs.platformio.org/page/boards/espressif32/esp32doit-devkit-v1.html
PLATFORM: Espressif 32 (55.3.35) > DOIT ESP32 DEVKIT V1
HARDWARE: ESP32 240MHz, 320KB RAM, 4MB Flash
DEBUG: Current (cmsis-dap) External (cmsis-dap, esp-bridge, esp-prog, iot-bus-jtag, jlink, minimodule, olimex-arm-usb-ocd, olimex-arm-usb-ocd-h, olimex-arm-usb-tiny-h, olimex-jtag-tiny, tumpa)
PACKAGES: 
 - contrib-piohome @ 3.4.4 
 - framework-arduinoespressif32 @ 3.3.5 
 - framework-arduinoespressif32-libs @ 5.5.0+sha.366dadf354 
 - tool-esp-rom-elfs @ 2024.10.11 
 - tool-esptoolpy @ 5.1.0 
 - tool-mklittlefs @ 3.2.0 
 - toolchain-xtensa-esp-elf @ 14.2.0+20251107
Converting H4P_SONOFF_Basic.ino
LDF: Library Dependency Finder -> https://bit.ly/configure-pio-ldf
LDF Modes: Finder ~ chain, Compatibility ~ soft
Found 50 compatible libraries
Scanning dependencies...
Dependency Graph
|-- H4 @ 4.0.10+sha.9125640
|-- H4Tools @ 0.0.16+sha.47ce091
|-- H4AsyncTCP @ 0.0.25+sha.231be9d
|-- H4AsyncMQTT @ 1.0.0-rc12+sha.9d2b784
|-- ArmadilloHTTP @ 0.1.9+sha.ac5bf86
|-- H4AsyncWebServer @ 0.0.13+sha.fcbce26
|-- H4Plugins @ 3.5.8+sha.2a5b3e7
Building in release mode
Compiling .pio/build/esp32/lib6b8/H4Plugins/H4PStatic.cpp.o
Compiling .pio/build/esp32/lib6b8/H4Plugins/H4P_LinkMaster.cpp.o
Compiling .pio/build/esp32/lib6b8/H4Plugins/H4P_LocalLogger.cpp.o
Compiling .pio/build/esp32/lib6b8/H4Plugins/H4P_PinMachine.cpp.o
In file included from .pio/libdeps/esp32/H4Plugins/src/H4PStatic.cpp:72:
.pio/libdeps/esp32/H4Plugins/src/H4P_GateKeeper.h:24:14: fatal error: ping.h: No such file or directory
**************************************************************
* Looking for ping.h dependency? Check our library registry!
*
* CLI  > platformio lib search "header:ping.h"
* Web  > https://registry.platformio.org/search?q=header:ping.h
*
**************************************************************
   24 |     #include <ping.h>
      |              ^~~~~~~~
compilation terminated.
*** [.pio/build/esp32/lib6b8/H4Plugins/H4PStatic.cpp.o] Error 1
========================= [FAILED] Took 10.15 seconds =========================
Environment    Status    Duration
-------------  --------  ------------
esp32          FAILED    00:00:10.154
==================== 1 failed, 0 succeeded in 00:00:10.154 ====================