Processing esp32s3 (board: esp32-s3-devkitc-1; platform: https://github.com/pioarduino/platform-espressif32/releases/download/55.03.35/platform-espressif32.zip; framework: arduino)
--------------------------------------------------------------------------------
Verbose mode can be enabled via `-v, --verbose` option
CONFIGURATION: https://docs.platformio.org/page/boards/espressif32/esp32-s3-devkitc-1.html
PLATFORM: Espressif 32 (55.3.35) > Espressif ESP32-S3-DevKitC-1-N8 (8 MB QD, No PSRAM)
HARDWARE: ESP32S3 240MHz, 320KB RAM, 8MB Flash
DEBUG: Current (esp-builtin) On-board (esp-builtin) External (cmsis-dap, esp-bridge, esp-prog, iot-bus-jtag, jlink, minimodule, olimex-arm-usb-ocd, olimex-arm-usb-ocd-h, olimex-arm-usb-tiny-h, olimex-jtag-tiny, tumpa)
PACKAGES: 
 - contrib-piohome @ 3.4.4 
 - framework-arduinoespressif32 @ 3.3.5 
 - framework-arduinoespressif32-libs @ 5.5.0+sha.366dadf354 
 - tool-esp-rom-elfs @ 2024.10.11 
 - tool-esptoolpy @ 5.1.0 
 - tool-mklittlefs @ 3.2.0 
 - toolchain-xtensa-esp-elf @ 14.2.0+20251107
Converting ClockNTP.ino
LDF: Library Dependency Finder -> https://bit.ly/configure-pio-ldf
LDF Modes: Finder ~ chain, Compatibility ~ soft
Found 50 compatible libraries
Scanning dependencies...
Dependency Graph
|-- H4 @ 4.0.10+sha.9125640
|-- H4Tools @ 0.0.16+sha.47ce091
|-- H4AsyncTCP @ 0.0.25+sha.231be9d
|-- H4AsyncMQTT @ 1.0.0-rc12+sha.9d2b784
|-- ArmadilloHTTP @ 0.1.9+sha.ac5bf86
|-- H4AsyncWebServer @ 0.0.13+sha.fcbce26
|-- H4Plugins @ 3.5.8+sha.306b05f
Building in release mode
Compiling .pio/build/esp32s3/src/ClockNTP.ino.cpp.o
Linking .pio/build/esp32s3/firmware.elf
                            Memory Type Usage Summary                             
┏━━━━━━━━━━━━━━━━━━━━━┳━━━━━━━━━━━━━━┳━━━━━━━━━━┳━━━━━━━━━━━━━━━━┳━━━━━━━━━━━━━━━┓
┃ Memory Type/Section ┃ Used [bytes] ┃ Used [%] ┃ Remain [bytes] ┃ Total [bytes] ┃
┡━━━━━━━━━━━━━━━━━━━━━╇━━━━━━━━━━━━━━╇━━━━━━━━━━╇━━━━━━━━━━━━━━━━╇━━━━━━━━━━━━━━━┩
│ Flash Code          │       961160 │          │                │               │
│    .text            │       961160 │          │                │               │
│ Flash Data          │       253196 │          │                │               │
│    .rodata          │       252940 │          │                │               │
│    .appdesc         │          256 │          │                │               │
│ DIRAM               │       115175 │     33.7 │         226585 │        341760 │
│    .text            │        62543 │     18.3 │                │               │
│    .bss             │        30816 │     9.02 │                │               │
│    .data            │        21816 │     6.38 │                │               │
│ IRAM                │        16384 │    100.0 │              0 │         16384 │
│    .text            │        15356 │    93.73 │                │               │
│    .vectors         │         1028 │     6.27 │                │               │
└─────────────────────┴──────────────┴──────────┴────────────────┴───────────────┘
Retrieving maximum program size .pio/build/esp32s3/firmware.elf
Checking size .pio/build/esp32s3/firmware.elf
Advanced Memory Usage is available via "PlatformIO Home > Project Inspect"
RAM:   [==        ]  16.1% (used 52632 bytes from 327680 bytes)
Flash: [====      ]  39.3% (used 1314843 bytes from 3342336 bytes)
Building .pio/build/esp32s3/firmware.bin
esptool v5.1.0
Creating ESP32S3 image...
Merged 2 ELF sections.
Successfully created ESP32S3 image.
========================= [SUCCESS] Took 18.23 seconds =========================
Environment    Status    Duration
-------------  --------  ------------
esp32s3        SUCCESS   00:00:18.226
========================= 1 succeeded in 00:00:18.226 =========================
In file included from .pio/libdeps/esp32s3/H4Plugins/src/H4P_AsyncHTTP.h:16,
                 from .pio/libdeps/esp32s3/H4Plugins/src/H4Plugins.h:9,
                 from /home/runner/work/h4plugins/h4plugins/build/esp32s3/src/ClockNTP.ino:4:
/home/runner/work/h4plugins/h4plugins/build/esp32s3/src/ClockNTP.ino: In lambda function:
.pio/libdeps/esp32s3/H4Plugins/src/H4Service.h:449:49: warning: statement will never be executed [-Wswitch-unreachable]
  449 | #define H4P_SERVICE_ADAPTER(s) if(svc==lowercase(#s)){ \
      |                                        ~~~~~~~~~^~~~
/home/runner/work/h4plugins/h4plugins/build/esp32s3/src/ClockNTP.ino:91:5: note: in expansion of macro 'H4P_SERVICE_ADAPTER'
   91 |     H4P_SERVICE_ADAPTER(WiFi);
      |     ^~~~~~~~~~~~~~~~~~~
Total image size: 1315099 bytes (.bin may be padded larger)
Note: The reported total sizes may be smaller than those in the technical reference manual due to reserved memory and application configuration. The total flash size available for the application is not included by default, as it cannot be reliably determined due to the presence of other data like the bootloader, partition table, and application partition size.