Processing esp32 (board: esp32doit-devkit-v1; platform: https://github.com/pioarduino/platform-espressif32/releases/download/55.03.35/platform-espressif32.zip; framework: arduino)
--------------------------------------------------------------------------------
Tool Manager: Installing https://github.com/pioarduino/registry/releases/download/0.0.1/esptoolpy-v5.1.0.zip
Unpacking 0% 10% 20%
Tool Manager: tool-esptoolpy@5.1.0 has been installed!
Tool Manager: Installing file:///home/runner/.platformio/tools/tool-esptoolpy
Tool Manager: tool-esptoolpy@5.1.0 has been installed!
Verbose mode can be enabled via `-v, --verbose` option
CONFIGURATION: https://docs.platformio.org/page/boards/espressif32/esp32doit-devkit-v1.html
PLATFORM: Espressif 32 (55.3.35) > DOIT ESP32 DEVKIT V1
HARDWARE: ESP32 240MHz, 320KB RAM, 4MB Flash
DEBUG: Current (cmsis-dap) External (cmsis-dap, esp-bridge, esp-prog, iot-bus-jtag, jlink, minimodule, olimex-arm-usb-ocd, olimex-arm-usb-ocd-h, olimex-arm-usb-tiny-h, olimex-jtag-tiny, tumpa)
PACKAGES: 
 - contrib-piohome @ 3.4.4 
 - framework-arduinoespressif32 @ 3.3.5 
 - framework-arduinoespressif32-libs @ 5.5.0+sha.366dadf354 
 - tool-esp-rom-elfs @ 2024.10.11 
 - tool-esptoolpy @ 5.1.0 
 - tool-mklittlefs @ 3.2.0 
 - toolchain-xtensa-esp-elf @ 14.2.0+20251107
Converting H4P_Generic_SQUAWK.ino
LDF: Library Dependency Finder -> https://bit.ly/configure-pio-ldf
LDF Modes: Finder ~ chain, Compatibility ~ soft
Found 50 compatible libraries
Scanning dependencies...
Dependency Graph
|-- H4 @ 4.0.10+sha.9125640
|-- H4Tools @ 0.0.16+sha.47ce091
|-- H4AsyncTCP @ 0.0.25+sha.231be9d
|-- H4AsyncMQTT @ 1.0.0-rc12+sha.9d2b784
|-- ArmadilloHTTP @ 0.1.9+sha.ac5bf86
|-- H4AsyncWebServer @ 0.0.13+sha.fcbce26
|-- H4Plugins @ 3.5.8+sha.306b05f
Building in release mode
Compiling .pio/build/esp32/src/H4P_Generic_SQUAWK.ino.cpp.o
Linking .pio/build/esp32/firmware.elf
                            Memory Type Usage Summary                             
┏━━━━━━━━━━━━━━━━━━━━━┳━━━━━━━━━━━━━━┳━━━━━━━━━━┳━━━━━━━━━━━━━━━━┳━━━━━━━━━━━━━━━┓
┃ Memory Type/Section ┃ Used [bytes] ┃ Used [%] ┃ Remain [bytes] ┃ Total [bytes] ┃
┡━━━━━━━━━━━━━━━━━━━━━╇━━━━━━━━━━━━━━╇━━━━━━━━━━╇━━━━━━━━━━━━━━━━╇━━━━━━━━━━━━━━━┩
│ Flash Code          │      1542760 │          │                │               │
│    .text            │      1542760 │          │                │               │
│ Flash Data          │       311016 │          │                │               │
│    .rodata          │       310760 │          │                │               │
│    .appdesc         │          256 │          │                │               │
│ IRAM                │        91603 │    69.89 │          39469 │        131072 │
│    .text            │        90575 │     69.1 │                │               │
│    .vectors         │         1028 │     0.78 │                │               │
│ DRAM                │        67160 │    53.91 │          57420 │        124580 │
│    .bss             │        41584 │    33.38 │                │               │
│    .data            │        25576 │    20.53 │                │               │
└─────────────────────┴──────────────┴──────────┴────────────────┴───────────────┘
Retrieving maximum program size .pio/build/esp32/firmware.elf
Checking size .pio/build/esp32/firmware.elf
Advanced Memory Usage is available via "PlatformIO Home > Project Inspect"
RAM:   [==        ]  20.5% (used 67160 bytes from 327680 bytes)
Flash: [========= ]  94.0% (used 1970699 bytes from 2097152 bytes)
Building .pio/build/esp32/firmware.bin
esptool v5.1.0
Creating ESP32 image...
Merged 2 ELF sections.
Successfully created ESP32 image.
========================= [SUCCESS] Took 28.42 seconds =========================
Environment    Status    Duration
-------------  --------  ------------
esp32          SUCCESS   00:00:28.420
========================= 1 succeeded in 00:00:28.420 =========================
/home/runner/work/h4plugins/h4plugins/build/esp32/src/H4P_Generic_SQUAWK.ino:20:9: warning: "LIGHT" redefined
   20 | #define LIGHT D1
      |         ^~~~~
/home/runner/work/h4plugins/h4plugins/build/esp32/src/H4P_Generic_SQUAWK.ino:16:9: note: this is the location of the previous definition
   16 | #define LIGHT 4
      |         ^~~~~
/home/runner/work/h4plugins/h4plugins/build/esp32/src/H4P_Generic_SQUAWK.ino:21:9: warning: "ARMED" redefined
   21 | #define ARMED D2
      |         ^~~~~
/home/runner/work/h4plugins/h4plugins/build/esp32/src/H4P_Generic_SQUAWK.ino:17:9: note: this is the location of the previous definition
   17 | #define ARMED 15
      |         ^~~~~
/home/runner/work/h4plugins/h4plugins/build/esp32/src/H4P_Generic_SQUAWK.ino:22:9: warning: "SQUAWK" redefined
   22 | #define SQUAWK D6
      |         ^~~~~~
/home/runner/work/h4plugins/h4plugins/build/esp32/src/H4P_Generic_SQUAWK.ino:18:9: note: this is the location of the previous definition
   18 | #define SQUAWK 16
      |         ^~~~~~
Total image size: 1970955 bytes (.bin may be padded larger)
Note: The reported total sizes may be smaller than those in the technical reference manual due to reserved memory and application configuration. The total flash size available for the application is not included by default, as it cannot be reliably determined due to the presence of other data like the bootloader, partition table, and application partition size.