Processing esp32s3 (board: esp32-s3-devkitc-1; platform: https://github.com/pioarduino/platform-espressif32/releases/download/55.03.35/platform-espressif32.zip; framework: arduino)
--------------------------------------------------------------------------------
Verbose mode can be enabled via `-v, --verbose` option
CONFIGURATION: https://docs.platformio.org/page/boards/espressif32/esp32-s3-devkitc-1.html
PLATFORM: Espressif 32 (55.3.35) > Espressif ESP32-S3-DevKitC-1-N8 (8 MB QD, No PSRAM)
HARDWARE: ESP32S3 240MHz, 320KB RAM, 8MB Flash
DEBUG: Current (esp-builtin) On-board (esp-builtin) External (cmsis-dap, esp-bridge, esp-prog, iot-bus-jtag, jlink, minimodule, olimex-arm-usb-ocd, olimex-arm-usb-ocd-h, olimex-arm-usb-tiny-h, olimex-jtag-tiny, tumpa)
PACKAGES: 
 - contrib-piohome @ 3.4.4 
 - framework-arduinoespressif32 @ 3.3.5 
 - framework-arduinoespressif32-libs @ 5.5.0+sha.366dadf354 
 - tool-esp-rom-elfs @ 2024.10.11 
 - tool-esptoolpy @ 5.1.0 
 - tool-mklittlefs @ 3.2.0 
 - toolchain-xtensa-esp-elf @ 14.2.0+20251107
Converting H4P_CustomLogger.ino
LDF: Library Dependency Finder -> https://bit.ly/configure-pio-ldf
LDF Modes: Finder ~ chain, Compatibility ~ soft
Found 50 compatible libraries
Scanning dependencies...
Dependency Graph
|-- H4 @ 4.0.10+sha.9125640
|-- H4Tools @ 0.0.16+sha.47ce091
|-- H4AsyncTCP @ 0.0.25+sha.231be9d
|-- H4AsyncMQTT @ 1.0.0-rc12+sha.9d2b784
|-- ArmadilloHTTP @ 0.1.9+sha.ac5bf86
|-- H4AsyncWebServer @ 0.0.13+sha.fcbce26
|-- H4Plugins @ 3.5.8+sha.5fb93ae
Building in release mode
Compiling .pio/build/esp32s3/libb92/H4/H4.cpp.o
Compiling .pio/build/esp32s3/lib7aa/FS/FS.cpp.o
Compiling .pio/build/esp32s3/lib7aa/FS/vfs_api.cpp.o
Compiling .pio/build/esp32s3/lib620/LittleFS/LittleFS.cpp.o
Compiling .pio/build/esp32s3/lib487/Network/NetworkClient.cpp.o
Compiling .pio/build/esp32s3/lib487/Network/NetworkEvents.cpp.o
Compiling .pio/build/esp32s3/lib487/Network/NetworkInterface.cpp.o
Compiling .pio/build/esp32s3/lib487/Network/NetworkManager.cpp.o
Compiling .pio/build/esp32s3/lib487/Network/NetworkServer.cpp.o
Compiling .pio/build/esp32s3/lib487/Network/NetworkUdp.cpp.o
Compiling .pio/build/esp32s3/lib989/WiFi/AP.cpp.o
Compiling .pio/build/esp32s3/lib989/WiFi/STA.cpp.o
Compiling .pio/build/esp32s3/lib989/WiFi/WiFi.cpp.o
Compiling .pio/build/esp32s3/lib989/WiFi/WiFiAP.cpp.o
Compiling .pio/build/esp32s3/lib989/WiFi/WiFiGeneric.cpp.o
Compiling .pio/build/esp32s3/lib989/WiFi/WiFiMulti.cpp.o
Compiling .pio/build/esp32s3/lib989/WiFi/WiFiSTA.cpp.o
Compiling .pio/build/esp32s3/lib989/WiFi/WiFiScan.cpp.o
Compiling .pio/build/esp32s3/lib769/H4Tools/H4Tools.cpp.o
Compiling .pio/build/esp32s3/lib769/H4Tools/mbx.cpp.o
Compiling .pio/build/esp32s3/lib3de/H4AsyncTCP/H4AsyncServer.cpp.o
Compiling .pio/build/esp32s3/lib3de/H4AsyncTCP/H4AsyncTCP.cpp.o
Compiling .pio/build/esp32s3/lib3de/H4AsyncTCP/LwIPCoreLocker.cpp.o
Compiling .pio/build/esp32s3/lib3de/H4AsyncTCP/h4async_config.cpp.o
Compiling .pio/build/esp32s3/libeee/H4AsyncMQTT/H4AsyncMQTT.cpp.o
Compiling .pio/build/esp32s3/libeee/H4AsyncMQTT/Packet.cpp.o
Compiling .pio/build/esp32s3/libeee/H4AsyncMQTT/Properties.cpp.o
Compiling .pio/build/esp32s3/libeee/H4AsyncMQTT/mqTraits.cpp.o
Compiling .pio/build/esp32s3/lib8b8/ArmadilloHTTP/ArmadilloHTTP.cpp.o
Compiling .pio/build/esp32s3/lib117/H4AsyncWebServer/H4AT_HTTPHandlerWS.cpp.o
Compiling .pio/build/esp32s3/lib117/H4AsyncWebServer/H4AW_HTTPHandlerSSE.cpp.o
Compiling .pio/build/esp32s3/lib117/H4AsyncWebServer/H4AsyncAuthenticators.cpp.o
Compiling .pio/build/esp32s3/lib117/H4AsyncWebServer/H4AsyncHandlers.cpp.o
Compiling .pio/build/esp32s3/lib117/H4AsyncWebServer/H4AsyncWebServer.cpp.o
Compiling .pio/build/esp32s3/libf74/BLE/BLE2901.cpp.o
Compiling .pio/build/esp32s3/libf74/BLE/BLE2902.cpp.o
Compiling .pio/build/esp32s3/libf74/BLE/BLE2904.cpp.o
Compiling .pio/build/esp32s3/libf74/BLE/BLEAddress.cpp.o
Compiling .pio/build/esp32s3/libf74/BLE/BLEAdvertisedDevice.cpp.o
Compiling .pio/build/esp32s3/libf74/BLE/BLEAdvertising.cpp.o
Compiling .pio/build/esp32s3/libf74/BLE/BLEBeacon.cpp.o
Compiling .pio/build/esp32s3/libf74/BLE/BLECharacteristic.cpp.o
Compiling .pio/build/esp32s3/libf74/BLE/BLECharacteristicMap.cpp.o
Compiling .pio/build/esp32s3/libf74/BLE/BLEClient.cpp.o
Compiling .pio/build/esp32s3/libf74/BLE/BLEDescriptor.cpp.o
Compiling .pio/build/esp32s3/libf74/BLE/BLEDescriptorMap.cpp.o
Compiling .pio/build/esp32s3/libf74/BLE/BLEDevice.cpp.o
Compiling .pio/build/esp32s3/libf74/BLE/BLEEddystoneTLM.cpp.o
Compiling .pio/build/esp32s3/libf74/BLE/BLEEddystoneURL.cpp.o
Compiling .pio/build/esp32s3/libf74/BLE/BLEExceptions.cpp.o
Compiling .pio/build/esp32s3/libf74/BLE/BLEHIDDevice.cpp.o
Compiling .pio/build/esp32s3/libf74/BLE/BLERemoteCharacteristic.cpp.o
Compiling .pio/build/esp32s3/libf74/BLE/BLERemoteDescriptor.cpp.o
Compiling .pio/build/esp32s3/libf74/BLE/BLERemoteService.cpp.o
Compiling .pio/build/esp32s3/libf74/BLE/BLEScan.cpp.o
Compiling .pio/build/esp32s3/libf74/BLE/BLESecurity.cpp.o
Compiling .pio/build/esp32s3/libf74/BLE/BLEServer.cpp.o
Compiling .pio/build/esp32s3/libf74/BLE/BLEService.cpp.o
Compiling .pio/build/esp32s3/libf74/BLE/BLEServiceMap.cpp.o
Compiling .pio/build/esp32s3/libf74/BLE/BLEUUID.cpp.o
Compiling .pio/build/esp32s3/libf74/BLE/BLEUtils.cpp.o
Compiling .pio/build/esp32s3/libf74/BLE/BLEValue.cpp.o
Compiling .pio/build/esp32s3/libf74/BLE/FreeRTOS.cpp.o
Compiling .pio/build/esp32s3/libf74/BLE/GeneralUtils.cpp.o
Compiling .pio/build/esp32s3/libf0e/NetworkClientSecure/NetworkClientSecure.cpp.o
Compiling .pio/build/esp32s3/libf0e/NetworkClientSecure/ssl_client.cpp.o
Compiling .pio/build/esp32s3/lib67b/HTTPClient/HTTPClient.cpp.o
Compiling .pio/build/esp32s3/lib92c/Hash/PBKDF2_HMACBuilder.cpp.o
Compiling .pio/build/esp32s3/lib92c/Hash/SHA1Builder.cpp.o
Compiling .pio/build/esp32s3/lib92c/Hash/SHA2Builder.cpp.o
Compiling .pio/build/esp32s3/lib92c/Hash/SHA3Builder.cpp.o
Compiling .pio/build/esp32s3/lib4b6/Update/HttpsOTAUpdate.cpp.o
Compiling .pio/build/esp32s3/lib4b6/Update/Updater.cpp.o
Compiling .pio/build/esp32s3/lib4b6/Update/Updater_Signing.cpp.o
Compiling .pio/build/esp32s3/lib1d4/HTTPUpdate/HTTPUpdate.cpp.o
Compiling .pio/build/esp32s3/lib4b6/ESPmDNS/ESPmDNS.cpp.o
Compiling .pio/build/esp32s3/lib134/ArduinoOTA/ArduinoOTA.cpp.o
Compiling .pio/build/esp32s3/lib59e/AsyncUDP/AsyncUDP.cpp.o
Compiling .pio/build/esp32s3/lib147/DNSServer/DNSServer.cpp.o
Compiling .pio/build/esp32s3/libfae/H4Plugins/H4PStatic.cpp.o
Compiling .pio/build/esp32s3/libfae/H4Plugins/H4P_AsyncHTTP.cpp.o
Compiling .pio/build/esp32s3/libfae/H4Plugins/H4P_AsyncMQTT.cpp.o
Compiling .pio/build/esp32s3/libfae/H4Plugins/H4P_BLEClient.cpp.o
Compiling .pio/build/esp32s3/libfae/H4Plugins/H4P_BLEServer.cpp.o
Compiling .pio/build/esp32s3/libfae/H4Plugins/H4P_BinarySwitch.cpp.o
Compiling .pio/build/esp32s3/libfae/H4Plugins/H4P_BinaryThing.cpp.o
Compiling .pio/build/esp32s3/libfae/H4Plugins/H4P_GateKeeper.cpp.o
Compiling .pio/build/esp32s3/libfae/H4Plugins/H4P_HeapWarn.cpp.o
Compiling .pio/build/esp32s3/libfae/H4Plugins/H4P_Heartbeat.cpp.o
Compiling .pio/build/esp32s3/libfae/H4Plugins/H4P_LinkMaster.cpp.o
Compiling .pio/build/esp32s3/libfae/H4Plugins/H4P_LocalLogger.cpp.o
Compiling .pio/build/esp32s3/libfae/H4Plugins/H4P_PinMachine.cpp.o
Compiling .pio/build/esp32s3/libfae/H4Plugins/H4P_QueueWarn.cpp.o
Compiling .pio/build/esp32s3/libfae/H4Plugins/H4P_RemoteLogger.cpp.o
Compiling .pio/build/esp32s3/libfae/H4Plugins/H4P_SerialCmd.cpp.o
Compiling .pio/build/esp32s3/libfae/H4Plugins/H4P_Signaller.cpp.o
Compiling .pio/build/esp32s3/libfae/H4Plugins/H4P_TaskSniffer.cpp.o
Compiling .pio/build/esp32s3/libfae/H4Plugins/H4P_Timekeeper.cpp.o
Compiling .pio/build/esp32s3/libfae/H4Plugins/H4P_ToneController.cpp.o
Compiling .pio/build/esp32s3/libfae/H4Plugins/H4P_UPNPServer.cpp.o
Compiling .pio/build/esp32s3/libfae/H4Plugins/H4P_WiFi.cpp.o
Compiling .pio/build/esp32s3/libfae/H4Plugins/H4P_WiFiAP.cpp.o
Compiling .pio/build/esp32s3/libfae/H4Plugins/H4Service.cpp.o
Compiling .pio/build/esp32s3/libfae/H4Plugins/NODE-PINK-FLOWS.cpp.o
Compiling .pio/build/esp32s3/libfae/H4Plugins/NODE-PINK-NODES.cpp.o
Compiling .pio/build/esp32s3/src/H4P_CustomLogger.ino.cpp.o
Building .pio/build/esp32s3/bootloader.bin
esptool v5.1.0
Creating ESP32S3 image...
Merged 2 ELF sections.
Successfully created ESP32S3 image.
Generating partitions .pio/build/esp32s3/partitions.bin
Compiling .pio/build/esp32s3/FrameworkArduino/ColorFormat.c.o
Compiling .pio/build/esp32s3/FrameworkArduino/Esp.cpp.o
Compiling .pio/build/esp32s3/FrameworkArduino/FirmwareMSC.cpp.o
Compiling .pio/build/esp32s3/FrameworkArduino/FunctionalInterrupt.cpp.o
Compiling .pio/build/esp32s3/FrameworkArduino/HEXBuilder.cpp.o
Compiling .pio/build/esp32s3/FrameworkArduino/HWCDC.cpp.o
Compiling .pio/build/esp32s3/FrameworkArduino/HardwareSerial.cpp.o
Compiling .pio/build/esp32s3/FrameworkArduino/HashBuilder.cpp.o
Compiling .pio/build/esp32s3/FrameworkArduino/IPAddress.cpp.o
Compiling .pio/build/esp32s3/FrameworkArduino/MD5Builder.cpp.o
Compiling .pio/build/esp32s3/FrameworkArduino/MacAddress.cpp.o
Compiling .pio/build/esp32s3/FrameworkArduino/Print.cpp.o
Compiling .pio/build/esp32s3/FrameworkArduino/Stream.cpp.o
Compiling .pio/build/esp32s3/FrameworkArduino/StreamString.cpp.o
Compiling .pio/build/esp32s3/FrameworkArduino/Tone.cpp.o
Compiling .pio/build/esp32s3/FrameworkArduino/USB.cpp.o
Compiling .pio/build/esp32s3/FrameworkArduino/USBCDC.cpp.o
Compiling .pio/build/esp32s3/FrameworkArduino/USBMSC.cpp.o
Compiling .pio/build/esp32s3/FrameworkArduino/WMath.cpp.o
Compiling .pio/build/esp32s3/FrameworkArduino/WString.cpp.o
Compiling .pio/build/esp32s3/FrameworkArduino/base64.cpp.o
Compiling .pio/build/esp32s3/FrameworkArduino/cbuf.cpp.o
Compiling .pio/build/esp32s3/FrameworkArduino/chip-debug-report.cpp.o
Compiling .pio/build/esp32s3/FrameworkArduino/esp32-hal-adc.c.o
Compiling .pio/build/esp32s3/FrameworkArduino/esp32-hal-bt.c.o
Compiling .pio/build/esp32s3/FrameworkArduino/esp32-hal-cpu.c.o
Compiling .pio/build/esp32s3/FrameworkArduino/esp32-hal-dac.c.o
Compiling .pio/build/esp32s3/FrameworkArduino/esp32-hal-gpio.c.o
Compiling .pio/build/esp32s3/FrameworkArduino/esp32-hal-hosted.c.o
Compiling .pio/build/esp32s3/FrameworkArduino/esp32-hal-i2c-ng.c.o
Compiling .pio/build/esp32s3/FrameworkArduino/esp32-hal-i2c-slave.c.o
Compiling .pio/build/esp32s3/FrameworkArduino/esp32-hal-i2c.c.o
Compiling .pio/build/esp32s3/FrameworkArduino/esp32-hal-ledc.c.o
Compiling .pio/build/esp32s3/FrameworkArduino/esp32-hal-matrix.c.o
Compiling .pio/build/esp32s3/FrameworkArduino/esp32-hal-misc.c.o
Compiling .pio/build/esp32s3/FrameworkArduino/esp32-hal-periman.c.o
Compiling .pio/build/esp32s3/FrameworkArduino/esp32-hal-psram.c.o
Compiling .pio/build/esp32s3/FrameworkArduino/esp32-hal-rgb-led.c.o
Compiling .pio/build/esp32s3/FrameworkArduino/esp32-hal-rmt.c.o
Compiling .pio/build/esp32s3/FrameworkArduino/esp32-hal-sigmadelta.c.o
Compiling .pio/build/esp32s3/FrameworkArduino/esp32-hal-spi.c.o
Compiling .pio/build/esp32s3/FrameworkArduino/esp32-hal-time.c.o
Compiling .pio/build/esp32s3/FrameworkArduino/esp32-hal-timer.c.o
Compiling .pio/build/esp32s3/FrameworkArduino/esp32-hal-tinyusb.c.o
Compiling .pio/build/esp32s3/FrameworkArduino/esp32-hal-touch-ng.c.o
Compiling .pio/build/esp32s3/FrameworkArduino/esp32-hal-touch.c.o
Compiling .pio/build/esp32s3/FrameworkArduino/esp32-hal-uart.c.o
Compiling .pio/build/esp32s3/FrameworkArduino/firmware_msc_fat.c.o
Compiling .pio/build/esp32s3/FrameworkArduino/freertos_stats.cpp.o
Compiling .pio/build/esp32s3/FrameworkArduino/libb64/cdecode.c.o
Compiling .pio/build/esp32s3/FrameworkArduino/libb64/cencode.c.o
Compiling .pio/build/esp32s3/FrameworkArduino/main.cpp.o
Compiling .pio/build/esp32s3/FrameworkArduino/stdlib_noniso.c.o
Compiling .pio/build/esp32s3/FrameworkArduino/wiring_pulse.c.o
Compiling .pio/build/esp32s3/FrameworkArduino/wiring_shift.c.o
Archiving .pio/build/esp32s3/libFrameworkArduino.a
Indexing .pio/build/esp32s3/libFrameworkArduino.a
Linking .pio/build/esp32s3/firmware.elf
                            Memory Type Usage Summary                             
┏━━━━━━━━━━━━━━━━━━━━━┳━━━━━━━━━━━━━━┳━━━━━━━━━━┳━━━━━━━━━━━━━━━━┳━━━━━━━━━━━━━━━┓
┃ Memory Type/Section ┃ Used [bytes] ┃ Used [%] ┃ Remain [bytes] ┃ Total [bytes] ┃
┡━━━━━━━━━━━━━━━━━━━━━╇━━━━━━━━━━━━━━╇━━━━━━━━━━╇━━━━━━━━━━━━━━━━╇━━━━━━━━━━━━━━━┩
│ Flash Code          │       728240 │          │                │               │
│    .text            │       728240 │          │                │               │
│ Flash Data          │       222480 │          │                │               │
│    .rodata          │       222224 │          │                │               │
│    .appdesc         │          256 │          │                │               │
│ DIRAM               │       107295 │    31.39 │         234465 │        341760 │
│    .text            │        58131 │    17.01 │                │               │
│    .bss             │        27608 │     8.08 │                │               │
│    .data            │        21556 │     6.31 │                │               │
│ IRAM                │        16384 │    100.0 │              0 │         16384 │
│    .text            │        15356 │    93.73 │                │               │
│    .vectors         │         1028 │     6.27 │                │               │
└─────────────────────┴──────────────┴──────────┴────────────────┴───────────────┘
Retrieving maximum program size .pio/build/esp32s3/firmware.elf
Checking size .pio/build/esp32s3/firmware.elf
Advanced Memory Usage is available via "PlatformIO Home > Project Inspect"
RAM:   [==        ]  15.0% (used 49164 bytes from 327680 bytes)
Flash: [===       ]  31.3% (used 1046535 bytes from 3342336 bytes)
Building .pio/build/esp32s3/firmware.bin
esptool v5.1.0
Creating ESP32S3 image...
Merged 2 ELF sections.
Successfully created ESP32S3 image.
========================= [SUCCESS] Took 81.62 seconds =========================
Environment    Status    Duration
-------------  --------  ------------
esp32s3        SUCCESS   00:01:21.623
========================= 1 succeeded in 00:01:21.623 =========================
In file included from /home/runner/work/h4plugins/h4plugins/build/esp32s3/src/H4P_CustomLogger.ino:2:
.pio/libdeps/esp32s3/H4Plugins/src/H4Plugins.h:6:76: note: '#pragma message: Using Wifi AP - Make sure you have made arrangements!'
    6 |     #pragma message("Using Wifi AP - Make sure you have made arrangements!")
      |                                                                            ^
Total image size: 1046791 bytes (.bin may be padded larger)
Note: The reported total sizes may be smaller than those in the technical reference manual due to reserved memory and application configuration. The total flash size available for the application is not included by default, as it cannot be reliably determined due to the presence of other data like the bootloader, partition table, and application partition size.