Processing esp32 (board: esp32doit-devkit-v1; platform: https://github.com/pioarduino/platform-espressif32/releases/download/55.03.35/platform-espressif32.zip; framework: arduino)
--------------------------------------------------------------------------------
Verbose mode can be enabled via `-v, --verbose` option
CONFIGURATION: https://docs.platformio.org/page/boards/espressif32/esp32doit-devkit-v1.html
PLATFORM: Espressif 32 (55.3.35) > DOIT ESP32 DEVKIT V1
HARDWARE: ESP32 240MHz, 320KB RAM, 4MB Flash
DEBUG: Current (cmsis-dap) External (cmsis-dap, esp-bridge, esp-prog, iot-bus-jtag, jlink, minimodule, olimex-arm-usb-ocd, olimex-arm-usb-ocd-h, olimex-arm-usb-tiny-h, olimex-jtag-tiny, tumpa)
PACKAGES: 
 - contrib-piohome @ 3.4.4 
 - framework-arduinoespressif32 @ 3.3.5 
 - framework-arduinoespressif32-libs @ 5.5.0+sha.366dadf354 
 - tool-esp-rom-elfs @ 2024.10.11 
 - tool-esptoolpy @ 5.1.0 
 - tool-mklittlefs @ 3.2.0 
 - toolchain-xtensa-esp-elf @ 14.2.0+20251107
Converting H4P_PresenceDetectIP_ONOFF.ino
LDF: Library Dependency Finder -> https://bit.ly/configure-pio-ldf
LDF Modes: Finder ~ chain, Compatibility ~ soft
Found 50 compatible libraries
Scanning dependencies...
Dependency Graph
|-- H4 @ 4.0.10+sha.9125640
|-- H4Tools @ 0.0.16+sha.47ce091
|-- H4AsyncTCP @ 0.0.25+sha.231be9d
|-- H4AsyncMQTT @ 1.0.0-rc12+sha.9d2b784
|-- ArmadilloHTTP @ 0.1.9+sha.ac5bf86
|-- H4AsyncWebServer @ 0.0.13+sha.fcbce26
|-- H4Plugins @ 3.5.8+sha.5fb93ae
Building in release mode
Compiling .pio/build/esp32/src/H4P_PresenceDetectIP_ONOFF.ino.cpp.o
Linking .pio/build/esp32/firmware.elf
/home/runner/.platformio/packages/toolchain-xtensa-esp-elf/bin/../lib/gcc/xtensa-esp-elf/14.2.0/../../../../xtensa-esp-elf/bin/ld: .pio/build/esp32/lib3ca/H4/H4.cpp.o:(.literal._ZN4task9cleardownEm+0x0): undefined reference to `h4'
/home/runner/.platformio/packages/toolchain-xtensa-esp-elf/bin/../lib/gcc/xtensa-esp-elf/14.2.0/../../../../xtensa-esp-elf/bin/ld: .pio/build/esp32/lib3ca/H4/H4.cpp.o:(.literal._ZN4task9cleardownEm+0x8): undefined reference to `h4'
/home/runner/.platformio/packages/toolchain-xtensa-esp-elf/bin/../lib/gcc/xtensa-esp-elf/14.2.0/../../../../xtensa-esp-elf/bin/ld: .pio/build/esp32/lib3ca/H4/H4.cpp.o:(.literal._ZN4task9cleardownEm+0xc): undefined reference to `h4'
/home/runner/.platformio/packages/toolchain-xtensa-esp-elf/bin/../lib/gcc/xtensa-esp-elf/14.2.0/../../../../xtensa-esp-elf/bin/ld: .pio/build/esp32/lib6b8/H4Plugins/H4PStatic.cpp.o:(.literal._ZN13H4P_SerialCmdixERKNSt7__cxx1112basic_stringIcSt11char_traitsIcESaIcEEE[_ZN13H4P_SerialCmdixERKNSt7__cxx1112basic_stringIcSt11char_traitsIcESaIcEEE]+0x0): undefined reference to `_Z9h4pGlobalB5cxx11'
/home/runner/.platformio/packages/toolchain-xtensa-esp-elf/bin/../lib/gcc/xtensa-esp-elf/14.2.0/../../../../xtensa-esp-elf/bin/ld: .pio/build/esp32/lib6b8/H4Plugins/H4PStatic.cpp.o:(.literal._Z18h4RemoveBootEventsv+0x0): undefined reference to `_Z6h4pevtB5cxx11'
/home/runner/.platformio/packages/toolchain-xtensa-esp-elf/bin/../lib/gcc/xtensa-esp-elf/14.2.0/../../../../xtensa-esp-elf/bin/ld: .pio/build/esp32/lib6b8/H4Plugins/H4PStatic.cpp.o:(.literal._Z18h4RemoveBootEventsv+0x8): undefined reference to `_Z6h4pevtB5cxx11'
/home/runner/.platformio/packages/toolchain-xtensa-esp-elf/bin/../lib/gcc/xtensa-esp-elf/14.2.0/../../../../xtensa-esp-elf/bin/ld: .pio/build/esp32/lib6b8/H4Plugins/H4PStatic.cpp.o:(.literal._Z18h4RemoveBootEventsv+0xc): undefined reference to `_Z6h4pmapB5cxx11'
/home/runner/.platformio/packages/toolchain-xtensa-esp-elf/bin/../lib/gcc/xtensa-esp-elf/14.2.0/../../../../xtensa-esp-elf/bin/ld: .pio/build/esp32/lib6b8/H4Plugins/H4PStatic.cpp.o:(.literal._Z18h4RemoveBootEventsv+0x10): undefined reference to `_Z13h4pClearEvent9H4PE_TYPE'
/home/runner/.platformio/packages/toolchain-xtensa-esp-elf/bin/../lib/gcc/xtensa-esp-elf/14.2.0/../../../../xtensa-esp-elf/bin/ld: .pio/build/esp32/lib6b8/H4Plugins/H4PStatic.cpp.o:(.literal._Z14h4StartPluginsv+0x10): undefined reference to `h4pPinMap'
/home/runner/.platformio/packages/toolchain-xtensa-esp-elf/bin/../lib/gcc/xtensa-esp-elf/14.2.0/../../../../xtensa-esp-elf/bin/ld: .pio/build/esp32/lib6b8/H4Plugins/H4PStatic.cpp.o:(.literal._Z14h4StartPluginsv+0x18): undefined reference to `h4pPinMap'
/home/runner/.platformio/packages/toolchain-xtensa-esp-elf/bin/../lib/gcc/xtensa-esp-elf/14.2.0/../../../../xtensa-esp-elf/bin/ld: .pio/build/esp32/lib6b8/H4Plugins/H4PStatic.cpp.o:(.literal._Z14h4StartPluginsv+0x20): undefined reference to `h4p'
/home/runner/.platformio/packages/toolchain-xtensa-esp-elf/bin/../lib/gcc/xtensa-esp-elf/14.2.0/../../../../xtensa-esp-elf/bin/ld: .pio/build/esp32/lib6b8/H4Plugins/H4PStatic.cpp.o: in function `_Z18h4RemoveBootEventsv':
/home/runner/work/h4plugins/h4plugins/build/esp32/.pio/libdeps/esp32/H4Plugins/src/H4PStatic.cpp:77:(.text._Z18h4RemoveBootEventsv+0x71): undefined reference to `_Z13h4pClearEvent9H4PE_TYPE'
collect2: error: ld returned 1 exit status
*** [.pio/build/esp32/firmware.elf] Error 1
========================= [FAILED] Took 13.70 seconds =========================
Environment    Status    Duration
-------------  --------  ------------
esp32          FAILED    00:00:13.700
==================== 1 failed, 0 succeeded in 00:00:13.700 ====================