Processing pico (platform: https://github.com/maxgerhardt/platform-raspberrypi.git#5b72058658ebaf98045755662bc8b28479bd288b; framework: arduino; board: rpipicow)
--------------------------------------------------------------------------------
Verbose mode can be enabled via `-v, --verbose` option
CONFIGURATION: https://docs.platformio.org/page/boards/raspberrypi/rpipicow.html
PLATFORM: Raspberry Pi RP2040 (1.14.0+sha.5b72058) > Pico W
HARDWARE: RP2040 133MHz, 256KB RAM, 2MB Flash
DEBUG: Current (blackmagic) External (blackmagic, cmsis-dap, jlink, picoprobe, raspberrypi-swd)
PACKAGES: 
 - framework-arduinopico @ 1.40101.0+sha.9d17f42 
 - tool-picotool-rp2040-earlephilhower @ 5.140200.240929 (14.2.0) 
 - toolchain-rp2040-earlephilhower @ 5.140200.240929 (14.2.0)
Converting H4P_CrowdedHouse.ino
Flash size: 2.00MB
Sketch size: 1.50MB
Filesystem size: 0.50MB
PSRAM size: 0.00MB
Maximium Sketch size: 1568768 EEPROM start: 0x101ff000 Filesystem start: 0x1017f000 Filesystem end: 0x101ff000
LDF: Library Dependency Finder -> https://bit.ly/configure-pio-ldf
LDF Modes: Finder ~ deep+, Compatibility ~ soft
Found 72 compatible libraries
Scanning dependencies...
Dependency Graph
|-- H4 @ 4.0.10+sha.9125640
|-- H4Tools @ 0.0.16+sha.47ce091
|-- H4AsyncTCP @ 0.0.25+sha.231be9d
|-- H4AsyncMQTT @ 1.0.0-rc12+sha.9d2b784
|-- ArmadilloHTTP @ 0.1.9+sha.ac5bf86
|-- H4AsyncWebServer @ 0.0.13+sha.fcbce26
|-- H4Plugins @ 3.5.8+sha.5fb93ae
Building in release mode
Compiling .pio/build/pico/src/H4P_CrowdedHouse.ino.cpp.o
Linking .pio/build/pico/firmware.elf
/home/runner/.platformio/packages/toolchain-rp2040-earlephilhower/bin/../lib/gcc/arm-none-eabi/14.2.0/../../../../arm-none-eabi/bin/ld: .pio/build/pico/libf18/libH4.a(H4.cpp.o): in function `_ZN4task9cleardownEm':
H4.cpp:(.text._ZN4task9cleardownEm+0xe4): undefined reference to `h4'
/home/runner/.platformio/packages/toolchain-rp2040-earlephilhower/bin/../lib/gcc/arm-none-eabi/14.2.0/../../../../arm-none-eabi/bin/ld: H4.cpp:(.text._ZN4task9cleardownEm+0xe8): undefined reference to `h4'
/home/runner/.platformio/packages/toolchain-rp2040-earlephilhower/bin/../lib/gcc/arm-none-eabi/14.2.0/../../../../arm-none-eabi/bin/ld: H4.cpp:(.text._ZN4task9cleardownEm+0xec): undefined reference to `h4'
/home/runner/.platformio/packages/toolchain-rp2040-earlephilhower/bin/../lib/gcc/arm-none-eabi/14.2.0/../../../../arm-none-eabi/bin/ld: .pio/build/pico/libf18/libH4.a(H4.cpp.o): in function `_ZN4taskC2ESt8functionIFvvEEmmS0_IFmvEES2_mb':
H4.cpp:(.text._ZN4taskC2ESt8functionIFvvEEmmS0_IFmvEES2_mb+0xc0): undefined reference to `h4'
/home/runner/.platformio/packages/toolchain-rp2040-earlephilhower/bin/../lib/gcc/arm-none-eabi/14.2.0/../../../../arm-none-eabi/bin/ld: .pio/build/pico/libf18/libH4.a(H4.cpp.o): in function `_ZN4task7requeueEv':
H4.cpp:(.text._ZN4task7requeueEv+0x18): undefined reference to `h4'
/home/runner/.platformio/packages/toolchain-rp2040-earlephilhower/bin/../lib/gcc/arm-none-eabi/14.2.0/../../../../arm-none-eabi/bin/ld: .pio/build/pico/libf18/libH4.a(H4.cpp.o):H4.cpp:(.text._ZN4task6_chainEv+0x6c): more undefined references to `h4' follow
collect2: error: ld returned 1 exit status
*** [.pio/build/pico/firmware.elf] Error 1
========================== [FAILED] Took 3.19 seconds ==========================
Environment    Status    Duration
-------------  --------  ------------
pico           FAILED    00:00:03.187
==================== 1 failed, 0 succeeded in 00:00:03.187 ====================